ARM GAS  C:\Users\Shahed\AppData\Local\Temp\ccIaIPgQ.s 			page 1


   1              		.cpu cortex-m0
   2              		.fpu softvfp
   3              		.eabi_attribute 20, 1
   4              		.eabi_attribute 21, 1
   5              		.eabi_attribute 23, 3
   6              		.eabi_attribute 24, 1
   7              		.eabi_attribute 25, 1
   8              		.eabi_attribute 26, 1
   9              		.eabi_attribute 30, 6
  10              		.eabi_attribute 34, 0
  11              		.eabi_attribute 18, 4
  12              		.code	16
  13              		.file	"cyfitter_cfg.c"
  14              		.text
  15              	.Ltext0:
  16              		.cfi_sections	.debug_frame
  17              		.section	.text.CYMEMZERO,"ax",%progbits
  18              		.align	2
  19              		.code	16
  20              		.thumb_func
  21              		.type	CYMEMZERO, %function
  22              	CYMEMZERO:
  23              	.LFB2:
  24              		.file 1 ".\\Generated_Source\\PSoC4\\cyfitter_cfg.c"
   1:.\Generated_Source\PSoC4/cyfitter_cfg.c **** /*******************************************************************************
   2:.\Generated_Source\PSoC4/cyfitter_cfg.c **** * FILENAME: cyfitter_cfg.c
   3:.\Generated_Source\PSoC4/cyfitter_cfg.c **** * PSoC Creator  3.1 SP3
   4:.\Generated_Source\PSoC4/cyfitter_cfg.c **** *
   5:.\Generated_Source\PSoC4/cyfitter_cfg.c **** * Description:
   6:.\Generated_Source\PSoC4/cyfitter_cfg.c **** * This file is automatically generated by PSoC Creator with device 
   7:.\Generated_Source\PSoC4/cyfitter_cfg.c **** * initialization code.  Except for the user defined sections in
   8:.\Generated_Source\PSoC4/cyfitter_cfg.c **** * CyClockStartupError(), this file should not be modified.
   9:.\Generated_Source\PSoC4/cyfitter_cfg.c **** *
  10:.\Generated_Source\PSoC4/cyfitter_cfg.c **** ********************************************************************************
  11:.\Generated_Source\PSoC4/cyfitter_cfg.c **** * Copyright 2013, Cypress Semiconductor Corporation.  All rights reserved.
  12:.\Generated_Source\PSoC4/cyfitter_cfg.c **** * You may use this file only in accordance with the license, terms, conditions, 
  13:.\Generated_Source\PSoC4/cyfitter_cfg.c **** * disclaimers, and limitations in the end user license agreement accompanying 
  14:.\Generated_Source\PSoC4/cyfitter_cfg.c **** * the software package with which this file was provided.
  15:.\Generated_Source\PSoC4/cyfitter_cfg.c **** ********************************************************************************/
  16:.\Generated_Source\PSoC4/cyfitter_cfg.c **** 
  17:.\Generated_Source\PSoC4/cyfitter_cfg.c **** #include <string.h>
  18:.\Generated_Source\PSoC4/cyfitter_cfg.c **** #include <cytypes.h>
  19:.\Generated_Source\PSoC4/cyfitter_cfg.c **** #include <cydevice_trm.h>
  20:.\Generated_Source\PSoC4/cyfitter_cfg.c **** #include <cyfitter.h>
  21:.\Generated_Source\PSoC4/cyfitter_cfg.c **** #include <CyLib.h>
  22:.\Generated_Source\PSoC4/cyfitter_cfg.c **** #include <cyfitter_cfg.h>
  23:.\Generated_Source\PSoC4/cyfitter_cfg.c **** 
  24:.\Generated_Source\PSoC4/cyfitter_cfg.c **** 
  25:.\Generated_Source\PSoC4/cyfitter_cfg.c **** #if defined(__GNUC__) || defined(__ARMCC_VERSION)
  26:.\Generated_Source\PSoC4/cyfitter_cfg.c ****     #define CYPACKED 
  27:.\Generated_Source\PSoC4/cyfitter_cfg.c ****     #define CYPACKED_ATTR __attribute__ ((packed))
  28:.\Generated_Source\PSoC4/cyfitter_cfg.c ****     #define CYALIGNED __attribute__ ((aligned))
  29:.\Generated_Source\PSoC4/cyfitter_cfg.c ****     #define CY_CFG_UNUSED __attribute__ ((unused))
  30:.\Generated_Source\PSoC4/cyfitter_cfg.c ****     #define CY_CFG_SECTION __attribute__ ((section(".psocinit")))
  31:.\Generated_Source\PSoC4/cyfitter_cfg.c ****     
  32:.\Generated_Source\PSoC4/cyfitter_cfg.c ****     #if defined(__ARMCC_VERSION)
  33:.\Generated_Source\PSoC4/cyfitter_cfg.c ****         #define CY_CFG_MEMORY_BARRIER() __memory_changed()
ARM GAS  C:\Users\Shahed\AppData\Local\Temp\ccIaIPgQ.s 			page 2


  34:.\Generated_Source\PSoC4/cyfitter_cfg.c ****     #else
  35:.\Generated_Source\PSoC4/cyfitter_cfg.c ****         #define CY_CFG_MEMORY_BARRIER() __sync_synchronize()
  36:.\Generated_Source\PSoC4/cyfitter_cfg.c ****     #endif
  37:.\Generated_Source\PSoC4/cyfitter_cfg.c ****     
  38:.\Generated_Source\PSoC4/cyfitter_cfg.c **** #elif defined(__ICCARM__)
  39:.\Generated_Source\PSoC4/cyfitter_cfg.c ****     #include <intrinsics.h>
  40:.\Generated_Source\PSoC4/cyfitter_cfg.c **** 
  41:.\Generated_Source\PSoC4/cyfitter_cfg.c ****     #define CYPACKED __packed
  42:.\Generated_Source\PSoC4/cyfitter_cfg.c ****     #define CYPACKED_ATTR 
  43:.\Generated_Source\PSoC4/cyfitter_cfg.c ****     #define CYALIGNED _Pragma("data_alignment=4")
  44:.\Generated_Source\PSoC4/cyfitter_cfg.c ****     #define CY_CFG_UNUSED _Pragma("diag_suppress=Pe177")
  45:.\Generated_Source\PSoC4/cyfitter_cfg.c ****     #define CY_CFG_SECTION _Pragma("location=\".psocinit\"")
  46:.\Generated_Source\PSoC4/cyfitter_cfg.c ****     
  47:.\Generated_Source\PSoC4/cyfitter_cfg.c ****     #define CY_CFG_MEMORY_BARRIER() __DMB()
  48:.\Generated_Source\PSoC4/cyfitter_cfg.c ****     
  49:.\Generated_Source\PSoC4/cyfitter_cfg.c **** #else
  50:.\Generated_Source\PSoC4/cyfitter_cfg.c ****     #error Unsupported toolchain
  51:.\Generated_Source\PSoC4/cyfitter_cfg.c **** #endif
  52:.\Generated_Source\PSoC4/cyfitter_cfg.c **** 
  53:.\Generated_Source\PSoC4/cyfitter_cfg.c **** 
  54:.\Generated_Source\PSoC4/cyfitter_cfg.c **** CY_CFG_UNUSED
  55:.\Generated_Source\PSoC4/cyfitter_cfg.c **** static void CYMEMZERO(void *s, size_t n);
  56:.\Generated_Source\PSoC4/cyfitter_cfg.c **** CY_CFG_UNUSED
  57:.\Generated_Source\PSoC4/cyfitter_cfg.c **** static void CYMEMZERO(void *s, size_t n)
  58:.\Generated_Source\PSoC4/cyfitter_cfg.c **** {
  25              		.loc 1 58 0
  26              		.cfi_startproc
  27 0000 80B5     		push	{r7, lr}
  28              		.cfi_def_cfa_offset 8
  29              		.cfi_offset 7, -8
  30              		.cfi_offset 14, -4
  31 0002 82B0     		sub	sp, sp, #8
  32              		.cfi_def_cfa_offset 16
  33 0004 00AF     		add	r7, sp, #0
  34              		.cfi_def_cfa_register 7
  35 0006 7860     		str	r0, [r7, #4]
  36 0008 3960     		str	r1, [r7]
  59:.\Generated_Source\PSoC4/cyfitter_cfg.c **** 	(void)memset(s, 0, n);
  37              		.loc 1 59 0
  38 000a 7A68     		ldr	r2, [r7, #4]
  39 000c 3B68     		ldr	r3, [r7]
  40 000e 101C     		mov	r0, r2
  41 0010 0021     		mov	r1, #0
  42 0012 1A1C     		mov	r2, r3
  43 0014 FFF7FEFF 		bl	memset
  60:.\Generated_Source\PSoC4/cyfitter_cfg.c **** }
  44              		.loc 1 60 0
  45 0018 BD46     		mov	sp, r7
  46 001a 02B0     		add	sp, sp, #8
  47              		@ sp needed
  48 001c 80BD     		pop	{r7, pc}
  49              		.cfi_endproc
  50              	.LFE2:
  51              		.size	CYMEMZERO, .-CYMEMZERO
  52 001e C046     		.section	.text.CYCONFIGCPY,"ax",%progbits
  53              		.align	2
  54              		.code	16
ARM GAS  C:\Users\Shahed\AppData\Local\Temp\ccIaIPgQ.s 			page 3


  55              		.thumb_func
  56              		.type	CYCONFIGCPY, %function
  57              	CYCONFIGCPY:
  58              	.LFB3:
  61:.\Generated_Source\PSoC4/cyfitter_cfg.c **** CY_CFG_UNUSED
  62:.\Generated_Source\PSoC4/cyfitter_cfg.c **** static void CYCONFIGCPY(void *dest, const void *src, size_t n);
  63:.\Generated_Source\PSoC4/cyfitter_cfg.c **** CY_CFG_UNUSED
  64:.\Generated_Source\PSoC4/cyfitter_cfg.c **** static void CYCONFIGCPY(void *dest, const void *src, size_t n)
  65:.\Generated_Source\PSoC4/cyfitter_cfg.c **** {
  59              		.loc 1 65 0
  60              		.cfi_startproc
  61 0000 80B5     		push	{r7, lr}
  62              		.cfi_def_cfa_offset 8
  63              		.cfi_offset 7, -8
  64              		.cfi_offset 14, -4
  65 0002 84B0     		sub	sp, sp, #16
  66              		.cfi_def_cfa_offset 24
  67 0004 00AF     		add	r7, sp, #0
  68              		.cfi_def_cfa_register 7
  69 0006 F860     		str	r0, [r7, #12]
  70 0008 B960     		str	r1, [r7, #8]
  71 000a 7A60     		str	r2, [r7, #4]
  66:.\Generated_Source\PSoC4/cyfitter_cfg.c **** 	(void)memcpy(dest, src, n);
  72              		.loc 1 66 0
  73 000c F968     		ldr	r1, [r7, #12]
  74 000e BA68     		ldr	r2, [r7, #8]
  75 0010 7B68     		ldr	r3, [r7, #4]
  76 0012 081C     		mov	r0, r1
  77 0014 111C     		mov	r1, r2
  78 0016 1A1C     		mov	r2, r3
  79 0018 FFF7FEFF 		bl	memcpy
  67:.\Generated_Source\PSoC4/cyfitter_cfg.c **** }
  80              		.loc 1 67 0
  81 001c BD46     		mov	sp, r7
  82 001e 04B0     		add	sp, sp, #16
  83              		@ sp needed
  84 0020 80BD     		pop	{r7, pc}
  85              		.cfi_endproc
  86              	.LFE3:
  87              		.size	CYCONFIGCPY, .-CYCONFIGCPY
  88 0022 C046     		.section	.text.CYCONFIGCPYCODE,"ax",%progbits
  89              		.align	2
  90              		.code	16
  91              		.thumb_func
  92              		.type	CYCONFIGCPYCODE, %function
  93              	CYCONFIGCPYCODE:
  94              	.LFB4:
  68:.\Generated_Source\PSoC4/cyfitter_cfg.c **** CY_CFG_UNUSED
  69:.\Generated_Source\PSoC4/cyfitter_cfg.c **** static void CYCONFIGCPYCODE(void *dest, const void *src, size_t n);
  70:.\Generated_Source\PSoC4/cyfitter_cfg.c **** CY_CFG_UNUSED
  71:.\Generated_Source\PSoC4/cyfitter_cfg.c **** static void CYCONFIGCPYCODE(void *dest, const void *src, size_t n)
  72:.\Generated_Source\PSoC4/cyfitter_cfg.c **** {
  95              		.loc 1 72 0
  96              		.cfi_startproc
  97 0000 80B5     		push	{r7, lr}
  98              		.cfi_def_cfa_offset 8
  99              		.cfi_offset 7, -8
ARM GAS  C:\Users\Shahed\AppData\Local\Temp\ccIaIPgQ.s 			page 4


 100              		.cfi_offset 14, -4
 101 0002 84B0     		sub	sp, sp, #16
 102              		.cfi_def_cfa_offset 24
 103 0004 00AF     		add	r7, sp, #0
 104              		.cfi_def_cfa_register 7
 105 0006 F860     		str	r0, [r7, #12]
 106 0008 B960     		str	r1, [r7, #8]
 107 000a 7A60     		str	r2, [r7, #4]
  73:.\Generated_Source\PSoC4/cyfitter_cfg.c **** 	(void)memcpy(dest, src, n);
 108              		.loc 1 73 0
 109 000c F968     		ldr	r1, [r7, #12]
 110 000e BA68     		ldr	r2, [r7, #8]
 111 0010 7B68     		ldr	r3, [r7, #4]
 112 0012 081C     		mov	r0, r1
 113 0014 111C     		mov	r1, r2
 114 0016 1A1C     		mov	r2, r3
 115 0018 FFF7FEFF 		bl	memcpy
  74:.\Generated_Source\PSoC4/cyfitter_cfg.c **** }
 116              		.loc 1 74 0
 117 001c BD46     		mov	sp, r7
 118 001e 04B0     		add	sp, sp, #16
 119              		@ sp needed
 120 0020 80BD     		pop	{r7, pc}
 121              		.cfi_endproc
 122              	.LFE4:
 123              		.size	CYCONFIGCPYCODE, .-CYCONFIGCPYCODE
 124 0022 C046     		.section	.psocinit,"ax",%progbits
 125              		.align	2
 126              		.code	16
 127              		.thumb_func
 128              		.type	SetIMOBGTrims, %function
 129              	SetIMOBGTrims:
 130              	.LFB5:
  75:.\Generated_Source\PSoC4/cyfitter_cfg.c **** 
  76:.\Generated_Source\PSoC4/cyfitter_cfg.c **** 
  77:.\Generated_Source\PSoC4/cyfitter_cfg.c **** 
  78:.\Generated_Source\PSoC4/cyfitter_cfg.c **** /* Clock startup error codes                                                   */
  79:.\Generated_Source\PSoC4/cyfitter_cfg.c **** #define CYCLOCKSTART_NO_ERROR    0u
  80:.\Generated_Source\PSoC4/cyfitter_cfg.c **** #define CYCLOCKSTART_XTAL_ERROR  1u
  81:.\Generated_Source\PSoC4/cyfitter_cfg.c **** #define CYCLOCKSTART_32KHZ_ERROR 2u
  82:.\Generated_Source\PSoC4/cyfitter_cfg.c **** #define CYCLOCKSTART_PLL_ERROR   3u
  83:.\Generated_Source\PSoC4/cyfitter_cfg.c **** 
  84:.\Generated_Source\PSoC4/cyfitter_cfg.c **** #ifdef CY_NEED_CYCLOCKSTARTUPERROR
  85:.\Generated_Source\PSoC4/cyfitter_cfg.c **** /*******************************************************************************
  86:.\Generated_Source\PSoC4/cyfitter_cfg.c **** * Function Name: CyClockStartupError
  87:.\Generated_Source\PSoC4/cyfitter_cfg.c **** ********************************************************************************
  88:.\Generated_Source\PSoC4/cyfitter_cfg.c **** * Summary:
  89:.\Generated_Source\PSoC4/cyfitter_cfg.c **** *  If an error is encountered during clock configuration (crystal startup error,
  90:.\Generated_Source\PSoC4/cyfitter_cfg.c **** *  PLL lock error, etc.), the system will end up here.  Unless reimplemented by
  91:.\Generated_Source\PSoC4/cyfitter_cfg.c **** *  the customer, this function will stop in an infinite loop.
  92:.\Generated_Source\PSoC4/cyfitter_cfg.c **** *
  93:.\Generated_Source\PSoC4/cyfitter_cfg.c **** * Parameters:
  94:.\Generated_Source\PSoC4/cyfitter_cfg.c **** *   void
  95:.\Generated_Source\PSoC4/cyfitter_cfg.c **** *
  96:.\Generated_Source\PSoC4/cyfitter_cfg.c **** * Return:
  97:.\Generated_Source\PSoC4/cyfitter_cfg.c **** *   void
  98:.\Generated_Source\PSoC4/cyfitter_cfg.c **** *
ARM GAS  C:\Users\Shahed\AppData\Local\Temp\ccIaIPgQ.s 			page 5


  99:.\Generated_Source\PSoC4/cyfitter_cfg.c **** *******************************************************************************/
 100:.\Generated_Source\PSoC4/cyfitter_cfg.c **** CY_CFG_UNUSED
 101:.\Generated_Source\PSoC4/cyfitter_cfg.c **** static void CyClockStartupError(uint8 errorCode);
 102:.\Generated_Source\PSoC4/cyfitter_cfg.c **** CY_CFG_UNUSED
 103:.\Generated_Source\PSoC4/cyfitter_cfg.c **** static void CyClockStartupError(uint8 errorCode)
 104:.\Generated_Source\PSoC4/cyfitter_cfg.c **** {
 105:.\Generated_Source\PSoC4/cyfitter_cfg.c ****     /* To remove the compiler warning if errorCode not used.                */
 106:.\Generated_Source\PSoC4/cyfitter_cfg.c ****     errorCode = errorCode;
 107:.\Generated_Source\PSoC4/cyfitter_cfg.c **** 
 108:.\Generated_Source\PSoC4/cyfitter_cfg.c ****     /* `#START CyClockStartupError` */
 109:.\Generated_Source\PSoC4/cyfitter_cfg.c **** 
 110:.\Generated_Source\PSoC4/cyfitter_cfg.c ****     /* If we have a clock startup error (bad MHz crystal, PLL lock, etc.),  */
 111:.\Generated_Source\PSoC4/cyfitter_cfg.c ****     /* we will end up here to allow the customer to implement something to  */
 112:.\Generated_Source\PSoC4/cyfitter_cfg.c ****     /* deal with the clock condition.                                       */
 113:.\Generated_Source\PSoC4/cyfitter_cfg.c **** 
 114:.\Generated_Source\PSoC4/cyfitter_cfg.c ****     /* `#END` */
 115:.\Generated_Source\PSoC4/cyfitter_cfg.c **** 
 116:.\Generated_Source\PSoC4/cyfitter_cfg.c ****     /* If nothing else, stop here since the clocks have not started         */
 117:.\Generated_Source\PSoC4/cyfitter_cfg.c ****     /* correctly.                                                           */
 118:.\Generated_Source\PSoC4/cyfitter_cfg.c ****     while(1) {}
 119:.\Generated_Source\PSoC4/cyfitter_cfg.c **** }
 120:.\Generated_Source\PSoC4/cyfitter_cfg.c **** #endif
 121:.\Generated_Source\PSoC4/cyfitter_cfg.c **** 
 122:.\Generated_Source\PSoC4/cyfitter_cfg.c **** 
 123:.\Generated_Source\PSoC4/cyfitter_cfg.c **** /*******************************************************************************
 124:.\Generated_Source\PSoC4/cyfitter_cfg.c **** * Function Name: SetIMOBGTrims
 125:.\Generated_Source\PSoC4/cyfitter_cfg.c **** ********************************************************************************
 126:.\Generated_Source\PSoC4/cyfitter_cfg.c **** *
 127:.\Generated_Source\PSoC4/cyfitter_cfg.c **** * Summary:
 128:.\Generated_Source\PSoC4/cyfitter_cfg.c **** *   Performs the configuration of the bandgap trim for the IMO based on the given
 129:.\Generated_Source\PSoC4/cyfitter_cfg.c **** *   expected frequency of the IMO. 
 130:.\Generated_Source\PSoC4/cyfitter_cfg.c **** *
 131:.\Generated_Source\PSoC4/cyfitter_cfg.c **** * Parameters:
 132:.\Generated_Source\PSoC4/cyfitter_cfg.c **** *   imoFreq: Frequency for operation of the IMO.
 133:.\Generated_Source\PSoC4/cyfitter_cfg.c **** *
 134:.\Generated_Source\PSoC4/cyfitter_cfg.c **** * Return:
 135:.\Generated_Source\PSoC4/cyfitter_cfg.c **** *   void
 136:.\Generated_Source\PSoC4/cyfitter_cfg.c **** *
 137:.\Generated_Source\PSoC4/cyfitter_cfg.c **** *******************************************************************************/
 138:.\Generated_Source\PSoC4/cyfitter_cfg.c **** static void SetIMOBGTrims(uint8 imoFreq);
 139:.\Generated_Source\PSoC4/cyfitter_cfg.c **** CY_CFG_SECTION
 140:.\Generated_Source\PSoC4/cyfitter_cfg.c **** static void SetIMOBGTrims(uint8 imoFreq)
 141:.\Generated_Source\PSoC4/cyfitter_cfg.c **** {
 131              		.loc 1 141 0
 132              		.cfi_startproc
 133 0000 80B5     		push	{r7, lr}
 134              		.cfi_def_cfa_offset 8
 135              		.cfi_offset 7, -8
 136              		.cfi_offset 14, -4
 137 0002 84B0     		sub	sp, sp, #16
 138              		.cfi_def_cfa_offset 24
 139 0004 00AF     		add	r7, sp, #0
 140              		.cfi_def_cfa_register 7
 141 0006 021C     		mov	r2, r0
 142 0008 FB1D     		add	r3, r7, #7
 143 000a 1A70     		strb	r2, [r3]
 142:.\Generated_Source\PSoC4/cyfitter_cfg.c **** 	CYPACKED typedef struct {
ARM GAS  C:\Users\Shahed\AppData\Local\Temp\ccIaIPgQ.s 			page 6


 143:.\Generated_Source\PSoC4/cyfitter_cfg.c **** 		uint8 freq;
 144:.\Generated_Source\PSoC4/cyfitter_cfg.c **** 		uint8 absolute;
 145:.\Generated_Source\PSoC4/cyfitter_cfg.c **** 		uint8 tmpco;
 146:.\Generated_Source\PSoC4/cyfitter_cfg.c **** 	} CYPACKED_ATTR imo_trim_entry_t;
 147:.\Generated_Source\PSoC4/cyfitter_cfg.c **** 
 148:.\Generated_Source\PSoC4/cyfitter_cfg.c **** 	CYPACKED typedef struct {
 149:.\Generated_Source\PSoC4/cyfitter_cfg.c **** 		imo_trim_entry_t entries[4];
 150:.\Generated_Source\PSoC4/cyfitter_cfg.c **** 	} CYPACKED_ATTR imo_trim_table_t;
 151:.\Generated_Source\PSoC4/cyfitter_cfg.c **** 
 152:.\Generated_Source\PSoC4/cyfitter_cfg.c **** 	static const imo_trim_table_t *imo_trim_table = (const imo_trim_table_t *)CYREG_SFLASH_IMO_MAXF0;
 153:.\Generated_Source\PSoC4/cyfitter_cfg.c **** 	static const uint32 IMO_TRIM_FREQ_TABLE_ENTRIES = sizeof(imo_trim_table->entries)/sizeof(imo_trim_
 154:.\Generated_Source\PSoC4/cyfitter_cfg.c **** 
 155:.\Generated_Source\PSoC4/cyfitter_cfg.c **** 	int32 imoTrimIndex;
 156:.\Generated_Source\PSoC4/cyfitter_cfg.c **** 	uint8 setAbs;
 157:.\Generated_Source\PSoC4/cyfitter_cfg.c **** 	uint8 setTmpCo;
 158:.\Generated_Source\PSoC4/cyfitter_cfg.c **** 
 159:.\Generated_Source\PSoC4/cyfitter_cfg.c **** 	/* Traverse the SFLASH IMO frequency-dependent bandgap trim table to
 160:.\Generated_Source\PSoC4/cyfitter_cfg.c **** 	 * locate the appropriate value to trim the IMO bandgap based on freq. */
 161:.\Generated_Source\PSoC4/cyfitter_cfg.c **** 	setAbs = CY_GET_REG8((const void *)CYREG_SFLASH_IMO_ABS4);
 144              		.loc 1 161 0
 145 000c 204A     		ldr	r2, .L8
 146 000e 3B1C     		mov	r3, r7
 147 0010 0B33     		add	r3, r3, #11
 148 0012 1278     		ldrb	r2, [r2]
 149 0014 1A70     		strb	r2, [r3]
 162:.\Generated_Source\PSoC4/cyfitter_cfg.c **** 	setTmpCo = CY_GET_REG8((const void *)CYREG_SFLASH_IMO_TMPCO4);
 150              		.loc 1 162 0
 151 0016 1F4A     		ldr	r2, .L8+4
 152 0018 3B1C     		mov	r3, r7
 153 001a 0A33     		add	r3, r3, #10
 154 001c 1278     		ldrb	r2, [r2]
 155 001e 1A70     		strb	r2, [r3]
 163:.\Generated_Source\PSoC4/cyfitter_cfg.c **** 	for (imoTrimIndex = ((int32)IMO_TRIM_FREQ_TABLE_ENTRIES)-1;
 156              		.loc 1 163 0
 157 0020 0423     		mov	r3, #4
 158 0022 013B     		sub	r3, r3, #1
 159 0024 FB60     		str	r3, [r7, #12]
 160 0026 18E0     		b	.L5
 161              	.L7:
 164:.\Generated_Source\PSoC4/cyfitter_cfg.c **** 	     (imoTrimIndex >= 0) && (imoFreq <= imo_trim_table->entries[imoTrimIndex].freq);
 165:.\Generated_Source\PSoC4/cyfitter_cfg.c **** 	     imoTrimIndex--)
 166:.\Generated_Source\PSoC4/cyfitter_cfg.c **** 	{
 167:.\Generated_Source\PSoC4/cyfitter_cfg.c **** 		setAbs = imo_trim_table->entries[imoTrimIndex].absolute;
 162              		.loc 1 167 0
 163 0028 1B4B     		ldr	r3, .L8+8
 164 002a 1868     		ldr	r0, [r3]
 165 002c 391C     		mov	r1, r7
 166 002e 0B31     		add	r1, r1, #11
 167 0030 FA68     		ldr	r2, [r7, #12]
 168 0032 131C     		mov	r3, r2
 169 0034 5B00     		lsl	r3, r3, #1
 170 0036 9B18     		add	r3, r3, r2
 171 0038 C318     		add	r3, r0, r3
 172 003a 5B78     		ldrb	r3, [r3, #1]
 173 003c 0B70     		strb	r3, [r1]
 168:.\Generated_Source\PSoC4/cyfitter_cfg.c **** 		setTmpCo = imo_trim_table->entries[imoTrimIndex].tmpco;
 174              		.loc 1 168 0
ARM GAS  C:\Users\Shahed\AppData\Local\Temp\ccIaIPgQ.s 			page 7


 175 003e 164B     		ldr	r3, .L8+8
 176 0040 1868     		ldr	r0, [r3]
 177 0042 391C     		mov	r1, r7
 178 0044 0A31     		add	r1, r1, #10
 179 0046 FA68     		ldr	r2, [r7, #12]
 180 0048 131C     		mov	r3, r2
 181 004a 5B00     		lsl	r3, r3, #1
 182 004c 9B18     		add	r3, r3, r2
 183 004e C318     		add	r3, r0, r3
 184 0050 9B78     		ldrb	r3, [r3, #2]
 185 0052 0B70     		strb	r3, [r1]
 165:.\Generated_Source\PSoC4/cyfitter_cfg.c **** 	     imoTrimIndex--)
 186              		.loc 1 165 0
 187 0054 FB68     		ldr	r3, [r7, #12]
 188 0056 013B     		sub	r3, r3, #1
 189 0058 FB60     		str	r3, [r7, #12]
 190              	.L5:
 163:.\Generated_Source\PSoC4/cyfitter_cfg.c **** 	for (imoTrimIndex = ((int32)IMO_TRIM_FREQ_TABLE_ENTRIES)-1;
 191              		.loc 1 163 0 discriminator 1
 192 005a FB68     		ldr	r3, [r7, #12]
 193 005c 002B     		cmp	r3, #0
 194 005e 0ADB     		blt	.L6
 164:.\Generated_Source\PSoC4/cyfitter_cfg.c **** 	     (imoTrimIndex >= 0) && (imoFreq <= imo_trim_table->entries[imoTrimIndex].freq);
 195              		.loc 1 164 0
 196 0060 0D4B     		ldr	r3, .L8+8
 197 0062 1968     		ldr	r1, [r3]
 198 0064 FA68     		ldr	r2, [r7, #12]
 199 0066 131C     		mov	r3, r2
 200 0068 5B00     		lsl	r3, r3, #1
 201 006a 9B18     		add	r3, r3, r2
 202 006c 5B5C     		ldrb	r3, [r3, r1]
 203 006e FA1D     		add	r2, r7, #7
 204 0070 1278     		ldrb	r2, [r2]
 205 0072 9A42     		cmp	r2, r3
 206 0074 D8D9     		bls	.L7
 207              	.L6:
 169:.\Generated_Source\PSoC4/cyfitter_cfg.c **** 	}
 170:.\Generated_Source\PSoC4/cyfitter_cfg.c **** 
 171:.\Generated_Source\PSoC4/cyfitter_cfg.c **** 	CY_SET_REG32((void *)CYREG_PWR_BG_TRIM4, setAbs);
 208              		.loc 1 171 0
 209 0076 094B     		ldr	r3, .L8+12
 210 0078 3A1C     		mov	r2, r7
 211 007a 0B32     		add	r2, r2, #11
 212 007c 1278     		ldrb	r2, [r2]
 213 007e 1A60     		str	r2, [r3]
 172:.\Generated_Source\PSoC4/cyfitter_cfg.c **** 	CY_SET_REG32((void *)CYREG_PWR_BG_TRIM5, setTmpCo);
 214              		.loc 1 172 0
 215 0080 074B     		ldr	r3, .L8+16
 216 0082 3A1C     		mov	r2, r7
 217 0084 0A32     		add	r2, r2, #10
 218 0086 1278     		ldrb	r2, [r2]
 219 0088 1A60     		str	r2, [r3]
 173:.\Generated_Source\PSoC4/cyfitter_cfg.c **** }
 220              		.loc 1 173 0
 221 008a BD46     		mov	sp, r7
 222 008c 04B0     		add	sp, sp, #16
 223              		@ sp needed
ARM GAS  C:\Users\Shahed\AppData\Local\Temp\ccIaIPgQ.s 			page 8


 224 008e 80BD     		pop	{r7, pc}
 225              	.L9:
 226              		.align	2
 227              	.L8:
 228 0090 CCF1FF0F 		.word	268431820
 229 0094 CDF1FF0F 		.word	268431821
 230 0098 00000000 		.word	imo_trim_table.4717
 231 009c 1CFF0B40 		.word	1074528028
 232 00a0 20FF0B40 		.word	1074528032
 233              		.cfi_endproc
 234              	.LFE5:
 235              		.size	SetIMOBGTrims, .-SetIMOBGTrims
 236              		.align	2
 237              		.code	16
 238              		.thumb_func
 239              		.type	ClockSetup, %function
 240              	ClockSetup:
 241              	.LFB6:
 174:.\Generated_Source\PSoC4/cyfitter_cfg.c **** 
 175:.\Generated_Source\PSoC4/cyfitter_cfg.c **** 
 176:.\Generated_Source\PSoC4/cyfitter_cfg.c **** 
 177:.\Generated_Source\PSoC4/cyfitter_cfg.c **** /*******************************************************************************
 178:.\Generated_Source\PSoC4/cyfitter_cfg.c **** * Function Name: ClockSetup
 179:.\Generated_Source\PSoC4/cyfitter_cfg.c **** ********************************************************************************
 180:.\Generated_Source\PSoC4/cyfitter_cfg.c **** *
 181:.\Generated_Source\PSoC4/cyfitter_cfg.c **** * Summary:
 182:.\Generated_Source\PSoC4/cyfitter_cfg.c **** *   Performs the initialization of all of the clocks in the device based on the
 183:.\Generated_Source\PSoC4/cyfitter_cfg.c **** *   settings in the Clock tab of the DWR.  This includes enabling the requested
 184:.\Generated_Source\PSoC4/cyfitter_cfg.c **** *   clocks and setting the necessary dividers to produce the desired frequency. 
 185:.\Generated_Source\PSoC4/cyfitter_cfg.c **** *
 186:.\Generated_Source\PSoC4/cyfitter_cfg.c **** * Parameters:
 187:.\Generated_Source\PSoC4/cyfitter_cfg.c **** *   void
 188:.\Generated_Source\PSoC4/cyfitter_cfg.c **** *
 189:.\Generated_Source\PSoC4/cyfitter_cfg.c **** * Return:
 190:.\Generated_Source\PSoC4/cyfitter_cfg.c **** *   void
 191:.\Generated_Source\PSoC4/cyfitter_cfg.c **** *
 192:.\Generated_Source\PSoC4/cyfitter_cfg.c **** *******************************************************************************/
 193:.\Generated_Source\PSoC4/cyfitter_cfg.c **** static void ClockSetup(void);
 194:.\Generated_Source\PSoC4/cyfitter_cfg.c **** CY_CFG_SECTION
 195:.\Generated_Source\PSoC4/cyfitter_cfg.c **** static void ClockSetup(void)
 196:.\Generated_Source\PSoC4/cyfitter_cfg.c **** {
 242              		.loc 1 196 0
 243              		.cfi_startproc
 244 00a4 80B5     		push	{r7, lr}
 245              		.cfi_def_cfa_offset 8
 246              		.cfi_offset 7, -8
 247              		.cfi_offset 14, -4
 248 00a6 00AF     		add	r7, sp, #0
 249              		.cfi_def_cfa_register 7
 197:.\Generated_Source\PSoC4/cyfitter_cfg.c **** 
 198:.\Generated_Source\PSoC4/cyfitter_cfg.c **** 	/* Set Flash Cycles based on max possible frequency in case a glitch occurs during ClockSetup(). *
 199:.\Generated_Source\PSoC4/cyfitter_cfg.c **** 	CY_SET_REG32((void CYXDATA *)(CYREG_CPUSS_FLASH_CTL), (0x0012u));
 250              		.loc 1 199 0
 251 00a8 1E4B     		ldr	r3, .L11
 252 00aa 1222     		mov	r2, #18
 253 00ac 1A60     		str	r2, [r3]
 200:.\Generated_Source\PSoC4/cyfitter_cfg.c **** 	/* Trim IMO BG based on desired frequency. */
ARM GAS  C:\Users\Shahed\AppData\Local\Temp\ccIaIPgQ.s 			page 9


 201:.\Generated_Source\PSoC4/cyfitter_cfg.c **** 	SetIMOBGTrims(48u);
 254              		.loc 1 201 0
 255 00ae 3020     		mov	r0, #48
 256 00b0 FFF7A6FF 		bl	SetIMOBGTrims
 202:.\Generated_Source\PSoC4/cyfitter_cfg.c **** 
 203:.\Generated_Source\PSoC4/cyfitter_cfg.c **** 	/* Going faster than 24MHz, so update trim value then adjust to new clock speed. */
 204:.\Generated_Source\PSoC4/cyfitter_cfg.c **** 	CY_SET_REG32((void CYXDATA *)(CYREG_CLK_IMO_TRIM1), (CY_GET_REG8((void *)CYREG_SFLASH_IMO_TRIM45))
 257              		.loc 1 204 0
 258 00b4 1C4B     		ldr	r3, .L11+4
 259 00b6 1D4A     		ldr	r2, .L11+8
 260 00b8 1278     		ldrb	r2, [r2]
 261 00ba D2B2     		uxtb	r2, r2
 262 00bc 1A60     		str	r2, [r3]
 205:.\Generated_Source\PSoC4/cyfitter_cfg.c **** 	CyDelayUs(5u);
 263              		.loc 1 205 0
 264 00be 0520     		mov	r0, #5
 265 00c0 FFF7FEFF 		bl	CyDelayUs
 206:.\Generated_Source\PSoC4/cyfitter_cfg.c **** 	CY_SET_REG32((void CYXDATA *)(CYREG_CLK_IMO_TRIM2), (53u));
 266              		.loc 1 206 0
 267 00c4 1A4B     		ldr	r3, .L11+12
 268 00c6 3522     		mov	r2, #53
 269 00c8 1A60     		str	r2, [r3]
 207:.\Generated_Source\PSoC4/cyfitter_cfg.c **** 
 208:.\Generated_Source\PSoC4/cyfitter_cfg.c **** 	/* Start the WCO */
 209:.\Generated_Source\PSoC4/cyfitter_cfg.c **** 	CySysClkWcoStart();
 270              		.loc 1 209 0
 271 00ca FFF7FEFF 		bl	CySysClkWcoStart
 210:.\Generated_Source\PSoC4/cyfitter_cfg.c **** 	CyDelay(500u); /* WCO may take up to 500ms to start */
 272              		.loc 1 210 0
 273 00ce FA23     		mov	r3, #250
 274 00d0 5B00     		lsl	r3, r3, #1
 275 00d2 181C     		mov	r0, r3
 276 00d4 FFF7FEFF 		bl	CyDelay
 211:.\Generated_Source\PSoC4/cyfitter_cfg.c **** 	(void)CySysClkWcoSetPowerMode(CY_SYS_CLK_WCO_LPM);    /* Switch to the low power mode */
 277              		.loc 1 211 0
 278 00d8 0120     		mov	r0, #1
 279 00da FFF7FEFF 		bl	CySysClkWcoSetPowerMode
 212:.\Generated_Source\PSoC4/cyfitter_cfg.c **** 	/* CYDEV_CLK_ILO_CONFIG Starting address: CYDEV_CLK_ILO_CONFIG */
 213:.\Generated_Source\PSoC4/cyfitter_cfg.c **** 	CY_SET_XTND_REG32((void CYFAR *)(CYREG_CLK_ILO_CONFIG), 0x80000006u);
 280              		.loc 1 213 0
 281 00de 154B     		ldr	r3, .L11+16
 282 00e0 154A     		ldr	r2, .L11+20
 283 00e2 1A60     		str	r2, [r3]
 214:.\Generated_Source\PSoC4/cyfitter_cfg.c **** 
 215:.\Generated_Source\PSoC4/cyfitter_cfg.c **** 	/* CYDEV_WDT_CONFIG Starting address: CYDEV_WDT_CONFIG */
 216:.\Generated_Source\PSoC4/cyfitter_cfg.c **** 	CY_SET_XTND_REG32((void CYFAR *)(CYREG_WDT_CONFIG), 0x40000000u);
 284              		.loc 1 216 0
 285 00e4 154B     		ldr	r3, .L11+24
 286 00e6 8022     		mov	r2, #128
 287 00e8 D205     		lsl	r2, r2, #23
 288 00ea 1A60     		str	r2, [r3]
 217:.\Generated_Source\PSoC4/cyfitter_cfg.c **** 
 218:.\Generated_Source\PSoC4/cyfitter_cfg.c **** 
 219:.\Generated_Source\PSoC4/cyfitter_cfg.c **** 	CY_SET_XTND_REG32((void CYFAR *)(CYREG_BLE_BLERD_BB_XO_CAPTRIM), 0x00003E2Du);
 289              		.loc 1 219 0
 290 00ec 144B     		ldr	r3, .L11+28
 291 00ee 154A     		ldr	r2, .L11+32
ARM GAS  C:\Users\Shahed\AppData\Local\Temp\ccIaIPgQ.s 			page 10


 292 00f0 1A60     		str	r2, [r3]
 220:.\Generated_Source\PSoC4/cyfitter_cfg.c **** 	/* Disable Crystal Stable Interrupt before enabling ECO */
 221:.\Generated_Source\PSoC4/cyfitter_cfg.c **** 	CY_SET_REG32((void*)CYREG_BLE_BLESS_LL_DSM_CTRL, CY_GET_REG32((void*)CYREG_BLE_BLESS_LL_DSM_CTRL) 
 293              		.loc 1 221 0
 294 00f2 154B     		ldr	r3, .L11+36
 295 00f4 144A     		ldr	r2, .L11+36
 296 00f6 1268     		ldr	r2, [r2]
 297 00f8 0821     		mov	r1, #8
 298 00fa 8A43     		bic	r2, r1
 299 00fc 1A60     		str	r2, [r3]
 222:.\Generated_Source\PSoC4/cyfitter_cfg.c **** 	/* Start the ECO and do not check status since it is not needed for HFCLK */
 223:.\Generated_Source\PSoC4/cyfitter_cfg.c **** 	(void)CySysClkEcoStart(2000u);
 300              		.loc 1 223 0
 301 00fe FA23     		mov	r3, #250
 302 0100 DB00     		lsl	r3, r3, #3
 303 0102 181C     		mov	r0, r3
 304 0104 FFF7FEFF 		bl	CySysClkEcoStart
 224:.\Generated_Source\PSoC4/cyfitter_cfg.c **** 	CyDelayUs(1500u); /* Wait to stabalize */
 305              		.loc 1 224 0
 306 0108 104B     		ldr	r3, .L11+40
 307 010a 181C     		mov	r0, r3
 308 010c FFF7FEFF 		bl	CyDelayUs
 225:.\Generated_Source\PSoC4/cyfitter_cfg.c **** 
 226:.\Generated_Source\PSoC4/cyfitter_cfg.c **** 	/* Setup phase aligned clocks */
 227:.\Generated_Source\PSoC4/cyfitter_cfg.c **** 
 228:.\Generated_Source\PSoC4/cyfitter_cfg.c **** 	/* CYDEV_CLK_IMO_CONFIG Starting address: CYDEV_CLK_IMO_CONFIG */
 229:.\Generated_Source\PSoC4/cyfitter_cfg.c **** 	CY_SET_XTND_REG32((void CYFAR *)(CYREG_CLK_IMO_CONFIG), 0x80000000u);
 309              		.loc 1 229 0
 310 0110 0F4B     		ldr	r3, .L11+44
 311 0112 8022     		mov	r2, #128
 312 0114 1206     		lsl	r2, r2, #24
 313 0116 1A60     		str	r2, [r3]
 230:.\Generated_Source\PSoC4/cyfitter_cfg.c **** 
 231:.\Generated_Source\PSoC4/cyfitter_cfg.c **** 	/* CYDEV_CLK_SELECT Starting address: CYDEV_CLK_SELECT */
 232:.\Generated_Source\PSoC4/cyfitter_cfg.c **** 	CY_SET_XTND_REG32((void CYFAR *)(CYREG_CLK_SELECT), 0x00040000u);
 314              		.loc 1 232 0
 315 0118 0E4B     		ldr	r3, .L11+48
 316 011a 8022     		mov	r2, #128
 317 011c D202     		lsl	r2, r2, #11
 318 011e 1A60     		str	r2, [r3]
 233:.\Generated_Source\PSoC4/cyfitter_cfg.c **** 
 234:.\Generated_Source\PSoC4/cyfitter_cfg.c **** }
 319              		.loc 1 234 0
 320 0120 BD46     		mov	sp, r7
 321              		@ sp needed
 322 0122 80BD     		pop	{r7, pc}
 323              	.L12:
 324              		.align	2
 325              	.L11:
 326 0124 30001040 		.word	1074790448
 327 0128 28FF0B40 		.word	1074528040
 328 012c FDF1FF0F 		.word	268431869
 329 0130 2CFF0B40 		.word	1074528044
 330 0134 04010B40 		.word	1074462980
 331 0138 06000080 		.word	-2147483642
 332 013c 0C020B40 		.word	1074463244
 333 0140 7C002E40 		.word	1076756604
ARM GAS  C:\Users\Shahed\AppData\Local\Temp\ccIaIPgQ.s 			page 11


 334 0144 2D3E0000 		.word	15917
 335 0148 6CF02E40 		.word	1076818028
 336 014c DC050000 		.word	1500
 337 0150 08010B40 		.word	1074462984
 338 0154 00010B40 		.word	1074462976
 339              		.cfi_endproc
 340              	.LFE6:
 341              		.size	ClockSetup, .-ClockSetup
 342              		.section	.text.AnalogSetDefault,"ax",%progbits
 343              		.align	2
 344              		.code	16
 345              		.thumb_func
 346              		.type	AnalogSetDefault, %function
 347              	AnalogSetDefault:
 348              	.LFB7:
 235:.\Generated_Source\PSoC4/cyfitter_cfg.c **** 
 236:.\Generated_Source\PSoC4/cyfitter_cfg.c **** 
 237:.\Generated_Source\PSoC4/cyfitter_cfg.c **** /* Analog API Functions */
 238:.\Generated_Source\PSoC4/cyfitter_cfg.c **** 
 239:.\Generated_Source\PSoC4/cyfitter_cfg.c **** 
 240:.\Generated_Source\PSoC4/cyfitter_cfg.c **** /*******************************************************************************
 241:.\Generated_Source\PSoC4/cyfitter_cfg.c **** * Function Name: AnalogSetDefault
 242:.\Generated_Source\PSoC4/cyfitter_cfg.c **** ********************************************************************************
 243:.\Generated_Source\PSoC4/cyfitter_cfg.c **** *
 244:.\Generated_Source\PSoC4/cyfitter_cfg.c **** * Summary:
 245:.\Generated_Source\PSoC4/cyfitter_cfg.c **** *  Sets up the analog portions of the chip to default values based on chip
 246:.\Generated_Source\PSoC4/cyfitter_cfg.c **** *  configuration options from the project.
 247:.\Generated_Source\PSoC4/cyfitter_cfg.c **** *
 248:.\Generated_Source\PSoC4/cyfitter_cfg.c **** * Parameters:
 249:.\Generated_Source\PSoC4/cyfitter_cfg.c **** *  void
 250:.\Generated_Source\PSoC4/cyfitter_cfg.c **** *
 251:.\Generated_Source\PSoC4/cyfitter_cfg.c **** * Return:
 252:.\Generated_Source\PSoC4/cyfitter_cfg.c **** *  void
 253:.\Generated_Source\PSoC4/cyfitter_cfg.c **** *
 254:.\Generated_Source\PSoC4/cyfitter_cfg.c **** *******************************************************************************/
 255:.\Generated_Source\PSoC4/cyfitter_cfg.c **** static void AnalogSetDefault(void);
 256:.\Generated_Source\PSoC4/cyfitter_cfg.c **** static void AnalogSetDefault(void)
 257:.\Generated_Source\PSoC4/cyfitter_cfg.c **** {
 349              		.loc 1 257 0
 350              		.cfi_startproc
 351 0000 80B5     		push	{r7, lr}
 352              		.cfi_def_cfa_offset 8
 353              		.cfi_offset 7, -8
 354              		.cfi_offset 14, -4
 355 0002 00AF     		add	r7, sp, #0
 356              		.cfi_def_cfa_register 7
 258:.\Generated_Source\PSoC4/cyfitter_cfg.c **** 	CY_SET_XTND_REG32((void CYFAR *)CYREG_CTBM0_DFT_CTRL, 0x00000003u);
 357              		.loc 1 258 0
 358 0004 054B     		ldr	r3, .L14
 359 0006 0322     		mov	r2, #3
 360 0008 1A60     		str	r2, [r3]
 259:.\Generated_Source\PSoC4/cyfitter_cfg.c **** 	CY_SET_XTND_REG32((void CYFAR *)CYREG_CTBM1_DFT_CTRL, 0x00000003u);
 361              		.loc 1 259 0
 362 000a 054B     		ldr	r3, .L14+4
 363 000c 0322     		mov	r2, #3
 364 000e 1A60     		str	r2, [r3]
 260:.\Generated_Source\PSoC4/cyfitter_cfg.c **** 	CY_SET_XTND_REG32((void CYFAR *)CYREG_PASS_DSAB_DSAB_CTRL, 0x00000000u);
ARM GAS  C:\Users\Shahed\AppData\Local\Temp\ccIaIPgQ.s 			page 12


 365              		.loc 1 260 0
 366 0010 044B     		ldr	r3, .L14+8
 367 0012 0022     		mov	r2, #0
 368 0014 1A60     		str	r2, [r3]
 261:.\Generated_Source\PSoC4/cyfitter_cfg.c **** }
 369              		.loc 1 261 0
 370 0016 BD46     		mov	sp, r7
 371              		@ sp needed
 372 0018 80BD     		pop	{r7, pc}
 373              	.L15:
 374 001a C046     		.align	2
 375              	.L14:
 376 001c 30003040 		.word	1076887600
 377 0020 30003140 		.word	1076953136
 378 0024 000E3F40 		.word	1077874176
 379              		.cfi_endproc
 380              	.LFE7:
 381              		.size	AnalogSetDefault, .-AnalogSetDefault
 382              		.section	.psocinit
 383              		.align	2
 384              		.global	cyfitter_cfg
 385              		.code	16
 386              		.thumb_func
 387              		.type	cyfitter_cfg, %function
 388              	cyfitter_cfg:
 389              	.LFB8:
 262:.\Generated_Source\PSoC4/cyfitter_cfg.c **** 
 263:.\Generated_Source\PSoC4/cyfitter_cfg.c **** #define CY_AMUX_UNUSED CYREG_CM0_ROM_DWT
 264:.\Generated_Source\PSoC4/cyfitter_cfg.c **** 
 265:.\Generated_Source\PSoC4/cyfitter_cfg.c **** 
 266:.\Generated_Source\PSoC4/cyfitter_cfg.c **** /*******************************************************************************
 267:.\Generated_Source\PSoC4/cyfitter_cfg.c **** * Function Name: cyfitter_cfg
 268:.\Generated_Source\PSoC4/cyfitter_cfg.c **** ********************************************************************************
 269:.\Generated_Source\PSoC4/cyfitter_cfg.c **** * Summary:
 270:.\Generated_Source\PSoC4/cyfitter_cfg.c **** *  This function is called by the start-up code for the selected device. It
 271:.\Generated_Source\PSoC4/cyfitter_cfg.c **** *  performs all of the necessary device configuration based on the design
 272:.\Generated_Source\PSoC4/cyfitter_cfg.c **** *  settings.  This includes settings from the Design Wide Resources (DWR) such
 273:.\Generated_Source\PSoC4/cyfitter_cfg.c **** *  as Clocks and Pins as well as any component configuration that is necessary.
 274:.\Generated_Source\PSoC4/cyfitter_cfg.c **** *
 275:.\Generated_Source\PSoC4/cyfitter_cfg.c **** * Parameters:  
 276:.\Generated_Source\PSoC4/cyfitter_cfg.c **** *   void
 277:.\Generated_Source\PSoC4/cyfitter_cfg.c **** *
 278:.\Generated_Source\PSoC4/cyfitter_cfg.c **** * Return:
 279:.\Generated_Source\PSoC4/cyfitter_cfg.c **** *   void
 280:.\Generated_Source\PSoC4/cyfitter_cfg.c **** *
 281:.\Generated_Source\PSoC4/cyfitter_cfg.c **** *******************************************************************************/
 282:.\Generated_Source\PSoC4/cyfitter_cfg.c **** CY_CFG_SECTION
 283:.\Generated_Source\PSoC4/cyfitter_cfg.c **** void cyfitter_cfg(void)
 284:.\Generated_Source\PSoC4/cyfitter_cfg.c **** {
 390              		.loc 1 284 0
 391              		.cfi_startproc
 392 0158 80B5     		push	{r7, lr}
 393              		.cfi_def_cfa_offset 8
 394              		.cfi_offset 7, -8
 395              		.cfi_offset 14, -4
 396 015a 82B0     		sub	sp, sp, #8
 397              		.cfi_def_cfa_offset 16
ARM GAS  C:\Users\Shahed\AppData\Local\Temp\ccIaIPgQ.s 			page 13


 398 015c 00AF     		add	r7, sp, #0
 399              		.cfi_def_cfa_register 7
 285:.\Generated_Source\PSoC4/cyfitter_cfg.c **** 	/* Disable interrupts by default. Let user enable if/when they want. */
 286:.\Generated_Source\PSoC4/cyfitter_cfg.c **** 	CyGlobalIntDisable;
 400              		.loc 1 286 0
 401              	@ 286 ".\Generated_Source\PSoC4\cyfitter_cfg.c" 1
 402 015e 72B6     		CPSID   i
 403              	@ 0 "" 2
 287:.\Generated_Source\PSoC4/cyfitter_cfg.c **** 
 288:.\Generated_Source\PSoC4/cyfitter_cfg.c **** 	CY_SET_XTND_REG32((void CYFAR *)(CYREG_BLE_BLESS_LL_DSM_CTRL), 0x00000000u);
 404              		.loc 1 288 0
 405              		.code	16
 406 0160 364B     		ldr	r3, .L19
 407 0162 0022     		mov	r2, #0
 408 0164 1A60     		str	r2, [r3]
 409              	.LBB2:
 289:.\Generated_Source\PSoC4/cyfitter_cfg.c **** 
 290:.\Generated_Source\PSoC4/cyfitter_cfg.c **** 	{
 291:.\Generated_Source\PSoC4/cyfitter_cfg.c **** 
 292:.\Generated_Source\PSoC4/cyfitter_cfg.c **** 		CYPACKED typedef struct {
 293:.\Generated_Source\PSoC4/cyfitter_cfg.c **** 			void CYFAR *address;
 294:.\Generated_Source\PSoC4/cyfitter_cfg.c **** 			uint16 size;
 295:.\Generated_Source\PSoC4/cyfitter_cfg.c **** 		} CYPACKED_ATTR cfg_memset_t;
 296:.\Generated_Source\PSoC4/cyfitter_cfg.c **** 
 297:.\Generated_Source\PSoC4/cyfitter_cfg.c **** 		static const cfg_memset_t CYCODE cfg_memset_list [] = {
 298:.\Generated_Source\PSoC4/cyfitter_cfg.c **** 			/* address, size */
 299:.\Generated_Source\PSoC4/cyfitter_cfg.c **** 			{(void CYFAR *)(CYDEV_UDB_P0_U0_BASE), 1024u},
 300:.\Generated_Source\PSoC4/cyfitter_cfg.c **** 			{(void CYFAR *)(CYDEV_UDB_DSI0_BASE), 1024u},
 301:.\Generated_Source\PSoC4/cyfitter_cfg.c **** 		};
 302:.\Generated_Source\PSoC4/cyfitter_cfg.c **** 
 303:.\Generated_Source\PSoC4/cyfitter_cfg.c **** 		uint8 CYDATA i;
 304:.\Generated_Source\PSoC4/cyfitter_cfg.c **** 
 305:.\Generated_Source\PSoC4/cyfitter_cfg.c **** 		/* Zero out critical memory blocks before beginning configuration */
 306:.\Generated_Source\PSoC4/cyfitter_cfg.c **** 		for (i = 0u; i < (sizeof(cfg_memset_list)/sizeof(cfg_memset_list[0])); i++)
 410              		.loc 1 306 0
 411 0166 FB1D     		add	r3, r7, #7
 412 0168 0022     		mov	r2, #0
 413 016a 1A70     		strb	r2, [r3]
 414 016c 23E0     		b	.L17
 415              	.L18:
 416              	.LBB3:
 307:.\Generated_Source\PSoC4/cyfitter_cfg.c **** 		{
 308:.\Generated_Source\PSoC4/cyfitter_cfg.c **** 			const cfg_memset_t CYCODE * CYDATA ms = &cfg_memset_list[i];
 417              		.loc 1 308 0 discriminator 2
 418 016e FB1D     		add	r3, r7, #7
 419 0170 1A78     		ldrb	r2, [r3]
 420 0172 131C     		mov	r3, r2
 421 0174 5B00     		lsl	r3, r3, #1
 422 0176 9B18     		add	r3, r3, r2
 423 0178 5B00     		lsl	r3, r3, #1
 424 017a 314A     		ldr	r2, .L19+4
 425 017c 9B18     		add	r3, r3, r2
 426 017e 3B60     		str	r3, [r7]
 309:.\Generated_Source\PSoC4/cyfitter_cfg.c **** 			CYMEMZERO(ms->address, (size_t)(uint32)(ms->size));
 427              		.loc 1 309 0 discriminator 2
 428 0180 3B68     		ldr	r3, [r7]
 429 0182 1A78     		ldrb	r2, [r3]
ARM GAS  C:\Users\Shahed\AppData\Local\Temp\ccIaIPgQ.s 			page 14


 430 0184 5978     		ldrb	r1, [r3, #1]
 431 0186 0902     		lsl	r1, r1, #8
 432 0188 0A43     		orr	r2, r1
 433 018a 9978     		ldrb	r1, [r3, #2]
 434 018c 0904     		lsl	r1, r1, #16
 435 018e 0A43     		orr	r2, r1
 436 0190 DB78     		ldrb	r3, [r3, #3]
 437 0192 1B06     		lsl	r3, r3, #24
 438 0194 1343     		orr	r3, r2
 439 0196 1A1C     		mov	r2, r3
 440 0198 3B68     		ldr	r3, [r7]
 441 019a 1979     		ldrb	r1, [r3, #4]
 442 019c 5B79     		ldrb	r3, [r3, #5]
 443 019e 1B02     		lsl	r3, r3, #8
 444 01a0 0B43     		orr	r3, r1
 445 01a2 9BB2     		uxth	r3, r3
 446 01a4 101C     		mov	r0, r2
 447 01a6 191C     		mov	r1, r3
 448 01a8 FFF7FEFF 		bl	CYMEMZERO
 449              	.LBE3:
 306:.\Generated_Source\PSoC4/cyfitter_cfg.c **** 		for (i = 0u; i < (sizeof(cfg_memset_list)/sizeof(cfg_memset_list[0])); i++)
 450              		.loc 1 306 0 discriminator 2
 451 01ac FB1D     		add	r3, r7, #7
 452 01ae 1A78     		ldrb	r2, [r3]
 453 01b0 FB1D     		add	r3, r7, #7
 454 01b2 0132     		add	r2, r2, #1
 455 01b4 1A70     		strb	r2, [r3]
 456              	.L17:
 306:.\Generated_Source\PSoC4/cyfitter_cfg.c **** 		for (i = 0u; i < (sizeof(cfg_memset_list)/sizeof(cfg_memset_list[0])); i++)
 457              		.loc 1 306 0 is_stmt 0 discriminator 1
 458 01b6 FB1D     		add	r3, r7, #7
 459 01b8 1B78     		ldrb	r3, [r3]
 460 01ba 012B     		cmp	r3, #1
 461 01bc D7D9     		bls	.L18
 310:.\Generated_Source\PSoC4/cyfitter_cfg.c **** 		}
 311:.\Generated_Source\PSoC4/cyfitter_cfg.c **** 
 312:.\Generated_Source\PSoC4/cyfitter_cfg.c **** 		/* HSIOM Starting address: CYDEV_HSIOM_BASE */
 313:.\Generated_Source\PSoC4/cyfitter_cfg.c **** 		CY_SET_XTND_REG32((void CYFAR *)(CYDEV_HSIOM_BASE), 0xEE000000u);
 462              		.loc 1 313 0 is_stmt 1
 463 01be 214B     		ldr	r3, .L19+8
 464 01c0 EE22     		mov	r2, #238
 465 01c2 1206     		lsl	r2, r2, #24
 466 01c4 1A60     		str	r2, [r3]
 314:.\Generated_Source\PSoC4/cyfitter_cfg.c **** 
 315:.\Generated_Source\PSoC4/cyfitter_cfg.c **** 		/* IOPINS0_0 Starting address: CYDEV_GPIO_PRT0_DR */
 316:.\Generated_Source\PSoC4/cyfitter_cfg.c **** 		CY_SET_XTND_REG32((void CYFAR *)(CYREG_GPIO_PRT0_PC), 0x00D80000u);
 467              		.loc 1 316 0
 468 01c6 204B     		ldr	r3, .L19+12
 469 01c8 D822     		mov	r2, #216
 470 01ca 1204     		lsl	r2, r2, #16
 471 01cc 1A60     		str	r2, [r3]
 317:.\Generated_Source\PSoC4/cyfitter_cfg.c **** 
 318:.\Generated_Source\PSoC4/cyfitter_cfg.c **** 		/* IOPINS0_2 Starting address: CYDEV_GPIO_PRT2_DR */
 319:.\Generated_Source\PSoC4/cyfitter_cfg.c **** 		CY_SET_XTND_REG32((void CYFAR *)(CYREG_GPIO_PRT2_PC), 0x00180000u);
 472              		.loc 1 319 0
 473 01ce 1F4B     		ldr	r3, .L19+16
 474 01d0 C022     		mov	r2, #192
ARM GAS  C:\Users\Shahed\AppData\Local\Temp\ccIaIPgQ.s 			page 15


 475 01d2 5203     		lsl	r2, r2, #13
 476 01d4 1A60     		str	r2, [r3]
 320:.\Generated_Source\PSoC4/cyfitter_cfg.c **** 
 321:.\Generated_Source\PSoC4/cyfitter_cfg.c **** 		/* IOPINS0_3 Starting address: CYDEV_GPIO_PRT3_DR */
 322:.\Generated_Source\PSoC4/cyfitter_cfg.c **** 		CY_SET_XTND_REG32((void CYFAR *)(CYREG_GPIO_PRT3_PC), 0x00D80000u);
 477              		.loc 1 322 0
 478 01d6 1E4B     		ldr	r3, .L19+20
 479 01d8 D822     		mov	r2, #216
 480 01da 1204     		lsl	r2, r2, #16
 481 01dc 1A60     		str	r2, [r3]
 323:.\Generated_Source\PSoC4/cyfitter_cfg.c **** 
 324:.\Generated_Source\PSoC4/cyfitter_cfg.c **** 		/* UDB_PA_0 Starting address: CYDEV_UDB_PA0_BASE */
 325:.\Generated_Source\PSoC4/cyfitter_cfg.c **** 		CY_SET_XTND_REG32((void CYFAR *)(CYDEV_UDB_PA0_BASE), 0x00990000u);
 482              		.loc 1 325 0
 483 01de 1D4B     		ldr	r3, .L19+24
 484 01e0 9922     		mov	r2, #153
 485 01e2 1204     		lsl	r2, r2, #16
 486 01e4 1A60     		str	r2, [r3]
 326:.\Generated_Source\PSoC4/cyfitter_cfg.c **** 
 327:.\Generated_Source\PSoC4/cyfitter_cfg.c **** 		/* UDB_PA_2 Starting address: CYDEV_UDB_PA2_BASE */
 328:.\Generated_Source\PSoC4/cyfitter_cfg.c **** 		CY_SET_XTND_REG32((void CYFAR *)(CYDEV_UDB_PA2_BASE), 0x00990000u);
 487              		.loc 1 328 0
 488 01e6 1C4B     		ldr	r3, .L19+28
 489 01e8 9922     		mov	r2, #153
 490 01ea 1204     		lsl	r2, r2, #16
 491 01ec 1A60     		str	r2, [r3]
 329:.\Generated_Source\PSoC4/cyfitter_cfg.c **** 
 330:.\Generated_Source\PSoC4/cyfitter_cfg.c **** 		/* UDB_PA_3 Starting address: CYDEV_UDB_PA3_BASE */
 331:.\Generated_Source\PSoC4/cyfitter_cfg.c **** 		CY_SET_XTND_REG32((void CYFAR *)(CYDEV_UDB_PA3_BASE), 0x00990000u);
 492              		.loc 1 331 0
 493 01ee 1B4B     		ldr	r3, .L19+32
 494 01f0 9922     		mov	r2, #153
 495 01f2 1204     		lsl	r2, r2, #16
 496 01f4 1A60     		str	r2, [r3]
 332:.\Generated_Source\PSoC4/cyfitter_cfg.c **** 
 333:.\Generated_Source\PSoC4/cyfitter_cfg.c **** 		/* Enable digital routing */
 334:.\Generated_Source\PSoC4/cyfitter_cfg.c **** 		CY_SET_XTND_REG8((void *)CYREG_UDB_UDBIF_BANK_CTL, CY_GET_XTND_REG8((void *)CYREG_UDB_UDBIF_BANK_
 497              		.loc 1 334 0
 498 01f6 1A4B     		ldr	r3, .L19+36
 499 01f8 194A     		ldr	r2, .L19+36
 500 01fa 1278     		ldrb	r2, [r2]
 501 01fc D2B2     		uxtb	r2, r2
 502 01fe 0221     		mov	r1, #2
 503 0200 0A43     		orr	r2, r1
 504 0202 D2B2     		uxtb	r2, r2
 505 0204 1A70     		strb	r2, [r3]
 335:.\Generated_Source\PSoC4/cyfitter_cfg.c **** 
 336:.\Generated_Source\PSoC4/cyfitter_cfg.c **** 		/* Enable UDB array */
 337:.\Generated_Source\PSoC4/cyfitter_cfg.c **** 		CY_SET_XTND_REG8((void *)CYREG_UDB_UDBIF_WAIT_CFG, (uint8)((CY_GET_XTND_REG8((void *)CYREG_UDB_UD
 506              		.loc 1 337 0
 507 0206 174B     		ldr	r3, .L19+40
 508 0208 164A     		ldr	r2, .L19+40
 509 020a 1278     		ldrb	r2, [r2]
 510 020c D2B2     		uxtb	r2, r2
 511 020e 3C21     		mov	r1, #60
 512 0210 8A43     		bic	r2, r1
 513 0212 D2B2     		uxtb	r2, r2
ARM GAS  C:\Users\Shahed\AppData\Local\Temp\ccIaIPgQ.s 			page 16


 514 0214 1421     		mov	r1, #20
 515 0216 0A43     		orr	r2, r1
 516 0218 D2B2     		uxtb	r2, r2
 517 021a 1A70     		strb	r2, [r3]
 338:.\Generated_Source\PSoC4/cyfitter_cfg.c **** 		CY_SET_XTND_REG8((void *)CYREG_UDB_UDBIF_BANK_CTL, (uint8)(CY_GET_XTND_REG8((void *)CYREG_UDB_UDB
 518              		.loc 1 338 0
 519 021c 104B     		ldr	r3, .L19+36
 520 021e 104A     		ldr	r2, .L19+36
 521 0220 1278     		ldrb	r2, [r2]
 522 0222 D2B2     		uxtb	r2, r2
 523 0224 1621     		mov	r1, #22
 524 0226 0A43     		orr	r2, r1
 525 0228 D2B2     		uxtb	r2, r2
 526 022a 1A70     		strb	r2, [r3]
 527              	.LBE2:
 339:.\Generated_Source\PSoC4/cyfitter_cfg.c **** 	}
 340:.\Generated_Source\PSoC4/cyfitter_cfg.c **** 
 341:.\Generated_Source\PSoC4/cyfitter_cfg.c **** 	/* Setup clocks based on selections from Clock DWR */
 342:.\Generated_Source\PSoC4/cyfitter_cfg.c **** 	ClockSetup();
 528              		.loc 1 342 0
 529 022c FFF73AFF 		bl	ClockSetup
 343:.\Generated_Source\PSoC4/cyfitter_cfg.c **** 
 344:.\Generated_Source\PSoC4/cyfitter_cfg.c **** 	/* Perform basic analog initialization to defaults */
 345:.\Generated_Source\PSoC4/cyfitter_cfg.c **** 	AnalogSetDefault();
 530              		.loc 1 345 0
 531 0230 FFF7FEFF 		bl	AnalogSetDefault
 346:.\Generated_Source\PSoC4/cyfitter_cfg.c **** 
 347:.\Generated_Source\PSoC4/cyfitter_cfg.c **** }
 532              		.loc 1 347 0
 533 0234 BD46     		mov	sp, r7
 534 0236 02B0     		add	sp, sp, #8
 535              		@ sp needed
 536 0238 80BD     		pop	{r7, pc}
 537              	.L20:
 538 023a C046     		.align	2
 539              	.L19:
 540 023c 6CF02E40 		.word	1076818028
 541 0240 04000000 		.word	cfg_memset_list.4742
 542 0244 00000240 		.word	1073872896
 543 0248 08000440 		.word	1074003976
 544 024c 08020440 		.word	1074004488
 545 0250 08030440 		.word	1074004744
 546 0254 00500F40 		.word	1074745344
 547 0258 20500F40 		.word	1074745376
 548 025c 30500F40 		.word	1074745392
 549 0260 00700F40 		.word	1074753536
 550 0264 01700F40 		.word	1074753537
 551              		.cfi_endproc
 552              	.LFE8:
 553              		.size	cyfitter_cfg, .-cyfitter_cfg
 554              		.data
 555              		.align	2
 556              		.type	imo_trim_table.4717, %object
 557              		.size	imo_trim_table.4717, 4
 558              	imo_trim_table.4717:
 559 0000 C0F1FF0F 		.word	268431808
 560              		.section	.rodata
ARM GAS  C:\Users\Shahed\AppData\Local\Temp\ccIaIPgQ.s 			page 17


 561              		.align	2
 562              		.type	IMO_TRIM_FREQ_TABLE_ENTRIES.4718, %object
 563              		.size	IMO_TRIM_FREQ_TABLE_ENTRIES.4718, 4
 564              	IMO_TRIM_FREQ_TABLE_ENTRIES.4718:
 565 0000 04000000 		.word	4
 566              		.align	2
 567              		.type	cfg_memset_list.4742, %object
 568              		.size	cfg_memset_list.4742, 12
 569              	cfg_memset_list.4742:
 570 0004 00300F40 		.word	1074737152
 571 0008 0004     		.short	1024
 572 000a 00400F40 		.4byte	1074741248
 573 000e 0004     		.short	1024
 574              		.text
 575              	.Letext0:
 576              		.file 2 "c:\\program files (x86)\\cypress\\psoc creator\\3.1\\psoc creator\\import\\gnu_cs\\arm\\4
 577              		.file 3 ".\\Generated_Source\\PSoC4/cytypes.h"
 578              		.section	.debug_info,"",%progbits
 579              	.Ldebug_info0:
 580 0000 3F030000 		.4byte	0x33f
 581 0004 0400     		.2byte	0x4
 582 0006 00000000 		.4byte	.Ldebug_abbrev0
 583 000a 04       		.byte	0x4
 584 000b 01       		.uleb128 0x1
 585 000c 4E020000 		.4byte	.LASF43
 586 0010 01       		.byte	0x1
 587 0011 A4010000 		.4byte	.LASF44
 588 0015 00000000 		.4byte	.LASF45
 589 0019 00000000 		.4byte	.Ldebug_ranges0+0
 590 001d 00000000 		.4byte	0
 591 0021 00000000 		.4byte	.Ldebug_line0
 592 0025 02       		.uleb128 0x2
 593 0026 04       		.byte	0x4
 594 0027 05       		.byte	0x5
 595 0028 696E7400 		.ascii	"int\000"
 596 002c 03       		.uleb128 0x3
 597 002d 41000000 		.4byte	.LASF11
 598 0031 02       		.byte	0x2
 599 0032 D4       		.byte	0xd4
 600 0033 37000000 		.4byte	0x37
 601 0037 04       		.uleb128 0x4
 602 0038 04       		.byte	0x4
 603 0039 07       		.byte	0x7
 604 003a 4D010000 		.4byte	.LASF0
 605 003e 04       		.uleb128 0x4
 606 003f 01       		.byte	0x1
 607 0040 06       		.byte	0x6
 608 0041 32020000 		.4byte	.LASF1
 609 0045 04       		.uleb128 0x4
 610 0046 01       		.byte	0x1
 611 0047 08       		.byte	0x8
 612 0048 FA000000 		.4byte	.LASF2
 613 004c 04       		.uleb128 0x4
 614 004d 02       		.byte	0x2
 615 004e 05       		.byte	0x5
 616 004f 9E000000 		.4byte	.LASF3
 617 0053 04       		.uleb128 0x4
ARM GAS  C:\Users\Shahed\AppData\Local\Temp\ccIaIPgQ.s 			page 18


 618 0054 02       		.byte	0x2
 619 0055 07       		.byte	0x7
 620 0056 8B000000 		.4byte	.LASF4
 621 005a 04       		.uleb128 0x4
 622 005b 04       		.byte	0x4
 623 005c 05       		.byte	0x5
 624 005d 1C020000 		.4byte	.LASF5
 625 0061 04       		.uleb128 0x4
 626 0062 04       		.byte	0x4
 627 0063 07       		.byte	0x7
 628 0064 D8000000 		.4byte	.LASF6
 629 0068 04       		.uleb128 0x4
 630 0069 08       		.byte	0x8
 631 006a 05       		.byte	0x5
 632 006b DE010000 		.4byte	.LASF7
 633 006f 04       		.uleb128 0x4
 634 0070 08       		.byte	0x8
 635 0071 07       		.byte	0x7
 636 0072 6F010000 		.4byte	.LASF8
 637 0076 04       		.uleb128 0x4
 638 0077 04       		.byte	0x4
 639 0078 07       		.byte	0x7
 640 0079 CC010000 		.4byte	.LASF9
 641 007d 05       		.uleb128 0x5
 642 007e 04       		.byte	0x4
 643 007f 04       		.uleb128 0x4
 644 0080 01       		.byte	0x1
 645 0081 08       		.byte	0x8
 646 0082 EC010000 		.4byte	.LASF10
 647 0086 03       		.uleb128 0x3
 648 0087 FF010000 		.4byte	.LASF12
 649 008b 03       		.byte	0x3
 650 008c A1       		.byte	0xa1
 651 008d 45000000 		.4byte	0x45
 652 0091 03       		.uleb128 0x3
 653 0092 3F010000 		.4byte	.LASF13
 654 0096 03       		.byte	0x3
 655 0097 A2       		.byte	0xa2
 656 0098 53000000 		.4byte	0x53
 657 009c 03       		.uleb128 0x3
 658 009d 46010000 		.4byte	.LASF14
 659 00a1 03       		.byte	0x3
 660 00a2 A3       		.byte	0xa3
 661 00a3 61000000 		.4byte	0x61
 662 00a7 03       		.uleb128 0x3
 663 00a8 EA000000 		.4byte	.LASF15
 664 00ac 03       		.byte	0x3
 665 00ad A6       		.byte	0xa6
 666 00ae 5A000000 		.4byte	0x5a
 667 00b2 04       		.uleb128 0x4
 668 00b3 04       		.byte	0x4
 669 00b4 04       		.byte	0x4
 670 00b5 B6000000 		.4byte	.LASF16
 671 00b9 04       		.uleb128 0x4
 672 00ba 08       		.byte	0x8
 673 00bb 04       		.byte	0x4
 674 00bc 08010000 		.4byte	.LASF17
ARM GAS  C:\Users\Shahed\AppData\Local\Temp\ccIaIPgQ.s 			page 19


 675 00c0 06       		.uleb128 0x6
 676 00c1 D3000000 		.4byte	.LASF18
 677 00c5 03       		.byte	0x3
 678 00c6 4B01     		.2byte	0x14b
 679 00c8 CC000000 		.4byte	0xcc
 680 00cc 07       		.uleb128 0x7
 681 00cd 86000000 		.4byte	0x86
 682 00d1 06       		.uleb128 0x6
 683 00d2 25020000 		.4byte	.LASF19
 684 00d6 03       		.byte	0x3
 685 00d7 4D01     		.2byte	0x14d
 686 00d9 DD000000 		.4byte	0xdd
 687 00dd 07       		.uleb128 0x7
 688 00de 9C000000 		.4byte	0x9c
 689 00e2 08       		.uleb128 0x8
 690 00e3 F0000000 		.4byte	.LASF20
 691 00e7 01       		.byte	0x1
 692 00e8 39       		.byte	0x39
 693 00e9 00000000 		.4byte	.LFB2
 694 00ed 1E000000 		.4byte	.LFE2-.LFB2
 695 00f1 01       		.uleb128 0x1
 696 00f2 9C       		.byte	0x9c
 697 00f3 10010000 		.4byte	0x110
 698 00f7 09       		.uleb128 0x9
 699 00f8 7300     		.ascii	"s\000"
 700 00fa 01       		.byte	0x1
 701 00fb 39       		.byte	0x39
 702 00fc 7D000000 		.4byte	0x7d
 703 0100 02       		.uleb128 0x2
 704 0101 91       		.byte	0x91
 705 0102 74       		.sleb128 -12
 706 0103 09       		.uleb128 0x9
 707 0104 6E00     		.ascii	"n\000"
 708 0106 01       		.byte	0x1
 709 0107 39       		.byte	0x39
 710 0108 2C000000 		.4byte	0x2c
 711 010c 02       		.uleb128 0x2
 712 010d 91       		.byte	0x91
 713 010e 70       		.sleb128 -16
 714 010f 00       		.byte	0
 715 0110 08       		.uleb128 0x8
 716 0111 17010000 		.4byte	.LASF21
 717 0115 01       		.byte	0x1
 718 0116 40       		.byte	0x40
 719 0117 00000000 		.4byte	.LFB3
 720 011b 22000000 		.4byte	.LFE3-.LFB3
 721 011f 01       		.uleb128 0x1
 722 0120 9C       		.byte	0x9c
 723 0121 4E010000 		.4byte	0x14e
 724 0125 0A       		.uleb128 0xa
 725 0126 C9000000 		.4byte	.LASF22
 726 012a 01       		.byte	0x1
 727 012b 40       		.byte	0x40
 728 012c 7D000000 		.4byte	0x7d
 729 0130 02       		.uleb128 0x2
 730 0131 91       		.byte	0x91
 731 0132 74       		.sleb128 -12
ARM GAS  C:\Users\Shahed\AppData\Local\Temp\ccIaIPgQ.s 			page 20


 732 0133 09       		.uleb128 0x9
 733 0134 73726300 		.ascii	"src\000"
 734 0138 01       		.byte	0x1
 735 0139 40       		.byte	0x40
 736 013a 4E010000 		.4byte	0x14e
 737 013e 02       		.uleb128 0x2
 738 013f 91       		.byte	0x91
 739 0140 70       		.sleb128 -16
 740 0141 09       		.uleb128 0x9
 741 0142 6E00     		.ascii	"n\000"
 742 0144 01       		.byte	0x1
 743 0145 40       		.byte	0x40
 744 0146 2C000000 		.4byte	0x2c
 745 014a 02       		.uleb128 0x2
 746 014b 91       		.byte	0x91
 747 014c 6C       		.sleb128 -20
 748 014d 00       		.byte	0
 749 014e 0B       		.uleb128 0xb
 750 014f 04       		.byte	0x4
 751 0150 54010000 		.4byte	0x154
 752 0154 0C       		.uleb128 0xc
 753 0155 08       		.uleb128 0x8
 754 0156 3E020000 		.4byte	.LASF23
 755 015a 01       		.byte	0x1
 756 015b 47       		.byte	0x47
 757 015c 00000000 		.4byte	.LFB4
 758 0160 22000000 		.4byte	.LFE4-.LFB4
 759 0164 01       		.uleb128 0x1
 760 0165 9C       		.byte	0x9c
 761 0166 93010000 		.4byte	0x193
 762 016a 0A       		.uleb128 0xa
 763 016b C9000000 		.4byte	.LASF22
 764 016f 01       		.byte	0x1
 765 0170 47       		.byte	0x47
 766 0171 7D000000 		.4byte	0x7d
 767 0175 02       		.uleb128 0x2
 768 0176 91       		.byte	0x91
 769 0177 74       		.sleb128 -12
 770 0178 09       		.uleb128 0x9
 771 0179 73726300 		.ascii	"src\000"
 772 017d 01       		.byte	0x1
 773 017e 47       		.byte	0x47
 774 017f 4E010000 		.4byte	0x14e
 775 0183 02       		.uleb128 0x2
 776 0184 91       		.byte	0x91
 777 0185 70       		.sleb128 -16
 778 0186 09       		.uleb128 0x9
 779 0187 6E00     		.ascii	"n\000"
 780 0189 01       		.byte	0x1
 781 018a 47       		.byte	0x47
 782 018b 2C000000 		.4byte	0x2c
 783 018f 02       		.uleb128 0x2
 784 0190 91       		.byte	0x91
 785 0191 6C       		.sleb128 -20
 786 0192 00       		.byte	0
 787 0193 0D       		.uleb128 0xd
 788 0194 A8000000 		.4byte	.LASF24
ARM GAS  C:\Users\Shahed\AppData\Local\Temp\ccIaIPgQ.s 			page 21


 789 0198 01       		.byte	0x1
 790 0199 8C       		.byte	0x8c
 791 019a 00000000 		.4byte	.LFB5
 792 019e A4000000 		.4byte	.LFE5-.LFB5
 793 01a2 01       		.uleb128 0x1
 794 01a3 9C       		.byte	0x9c
 795 01a4 76020000 		.4byte	0x276
 796 01a8 0A       		.uleb128 0xa
 797 01a9 0F010000 		.4byte	.LASF25
 798 01ad 01       		.byte	0x1
 799 01ae 8C       		.byte	0x8c
 800 01af 86000000 		.4byte	0x86
 801 01b3 02       		.uleb128 0x2
 802 01b4 91       		.byte	0x91
 803 01b5 6F       		.sleb128 -17
 804 01b6 0E       		.uleb128 0xe
 805 01b7 03       		.byte	0x3
 806 01b8 01       		.byte	0x1
 807 01b9 8E       		.byte	0x8e
 808 01ba E3010000 		.4byte	0x1e3
 809 01be 0F       		.uleb128 0xf
 810 01bf FA010000 		.4byte	.LASF26
 811 01c3 01       		.byte	0x1
 812 01c4 8F       		.byte	0x8f
 813 01c5 86000000 		.4byte	0x86
 814 01c9 00       		.byte	0
 815 01ca 0F       		.uleb128 0xf
 816 01cb F1010000 		.4byte	.LASF27
 817 01cf 01       		.byte	0x1
 818 01d0 90       		.byte	0x90
 819 01d1 86000000 		.4byte	0x86
 820 01d5 01       		.byte	0x1
 821 01d6 0F       		.uleb128 0xf
 822 01d7 85000000 		.4byte	.LASF28
 823 01db 01       		.byte	0x1
 824 01dc 91       		.byte	0x91
 825 01dd 86000000 		.4byte	0x86
 826 01e1 02       		.byte	0x2
 827 01e2 00       		.byte	0
 828 01e3 03       		.uleb128 0x3
 829 01e4 59000000 		.4byte	.LASF29
 830 01e8 01       		.byte	0x1
 831 01e9 92       		.byte	0x92
 832 01ea B6010000 		.4byte	0x1b6
 833 01ee 0E       		.uleb128 0xe
 834 01ef 0C       		.byte	0xc
 835 01f0 01       		.byte	0x1
 836 01f1 94       		.byte	0x94
 837 01f2 13020000 		.4byte	0x213
 838 01f6 10       		.uleb128 0x10
 839 01f7 E3010000 		.4byte	0x1e3
 840 01fb 06020000 		.4byte	0x206
 841 01ff 11       		.uleb128 0x11
 842 0200 76000000 		.4byte	0x76
 843 0204 03       		.byte	0x3
 844 0205 00       		.byte	0
 845 0206 0F       		.uleb128 0xf
ARM GAS  C:\Users\Shahed\AppData\Local\Temp\ccIaIPgQ.s 			page 22


 846 0207 05020000 		.4byte	.LASF30
 847 020b 01       		.byte	0x1
 848 020c 95       		.byte	0x95
 849 020d F6010000 		.4byte	0x1f6
 850 0211 00       		.byte	0
 851 0212 00       		.byte	0
 852 0213 03       		.uleb128 0x3
 853 0214 86010000 		.4byte	.LASF31
 854 0218 01       		.byte	0x1
 855 0219 96       		.byte	0x96
 856 021a EE010000 		.4byte	0x1ee
 857 021e 12       		.uleb128 0x12
 858 021f 0D020000 		.4byte	.LASF32
 859 0223 01       		.byte	0x1
 860 0224 98       		.byte	0x98
 861 0225 2F020000 		.4byte	0x22f
 862 0229 05       		.uleb128 0x5
 863 022a 03       		.byte	0x3
 864 022b 00000000 		.4byte	imo_trim_table.4717
 865 022f 0B       		.uleb128 0xb
 866 0230 04       		.byte	0x4
 867 0231 35020000 		.4byte	0x235
 868 0235 13       		.uleb128 0x13
 869 0236 13020000 		.4byte	0x213
 870 023a 12       		.uleb128 0x12
 871 023b 23010000 		.4byte	.LASF33
 872 023f 01       		.byte	0x1
 873 0240 99       		.byte	0x99
 874 0241 76020000 		.4byte	0x276
 875 0245 05       		.uleb128 0x5
 876 0246 03       		.byte	0x3
 877 0247 00000000 		.4byte	IMO_TRIM_FREQ_TABLE_ENTRIES.4718
 878 024b 12       		.uleb128 0x12
 879 024c BC000000 		.4byte	.LASF34
 880 0250 01       		.byte	0x1
 881 0251 9B       		.byte	0x9b
 882 0252 A7000000 		.4byte	0xa7
 883 0256 02       		.uleb128 0x2
 884 0257 91       		.byte	0x91
 885 0258 74       		.sleb128 -12
 886 0259 12       		.uleb128 0x12
 887 025a 2B020000 		.4byte	.LASF35
 888 025e 01       		.byte	0x1
 889 025f 9C       		.byte	0x9c
 890 0260 86000000 		.4byte	0x86
 891 0264 02       		.uleb128 0x2
 892 0265 91       		.byte	0x91
 893 0266 73       		.sleb128 -13
 894 0267 12       		.uleb128 0x12
 895 0268 D5010000 		.4byte	.LASF36
 896 026c 01       		.byte	0x1
 897 026d 9D       		.byte	0x9d
 898 026e 86000000 		.4byte	0x86
 899 0272 02       		.uleb128 0x2
 900 0273 91       		.byte	0x91
 901 0274 72       		.sleb128 -14
 902 0275 00       		.byte	0
ARM GAS  C:\Users\Shahed\AppData\Local\Temp\ccIaIPgQ.s 			page 23


 903 0276 13       		.uleb128 0x13
 904 0277 9C000000 		.4byte	0x9c
 905 027b 14       		.uleb128 0x14
 906 027c 7A000000 		.4byte	.LASF37
 907 0280 01       		.byte	0x1
 908 0281 C3       		.byte	0xc3
 909 0282 A4000000 		.4byte	.LFB6
 910 0286 B4000000 		.4byte	.LFE6-.LFB6
 911 028a 01       		.uleb128 0x1
 912 028b 9C       		.byte	0x9c
 913 028c 15       		.uleb128 0x15
 914 028d 48000000 		.4byte	.LASF38
 915 0291 01       		.byte	0x1
 916 0292 0001     		.2byte	0x100
 917 0294 00000000 		.4byte	.LFB7
 918 0298 28000000 		.4byte	.LFE7-.LFB7
 919 029c 01       		.uleb128 0x1
 920 029d 9C       		.byte	0x9c
 921 029e 16       		.uleb128 0x16
 922 029f 5A010000 		.4byte	.LASF46
 923 02a3 01       		.byte	0x1
 924 02a4 1B01     		.2byte	0x11b
 925 02a6 58010000 		.4byte	.LFB8
 926 02aa 10010000 		.4byte	.LFE8-.LFB8
 927 02ae 01       		.uleb128 0x1
 928 02af 9C       		.byte	0x9c
 929 02b0 17       		.uleb128 0x17
 930 02b1 66010000 		.4byte	.LBB2
 931 02b5 C6000000 		.4byte	.LBE2-.LBB2
 932 02b9 18       		.uleb128 0x18
 933 02ba 06       		.byte	0x6
 934 02bb 01       		.byte	0x1
 935 02bc 2401     		.2byte	0x124
 936 02be DD020000 		.4byte	0x2dd
 937 02c2 19       		.uleb128 0x19
 938 02c3 67010000 		.4byte	.LASF39
 939 02c7 01       		.byte	0x1
 940 02c8 2501     		.2byte	0x125
 941 02ca 7D000000 		.4byte	0x7d
 942 02ce 00       		.byte	0
 943 02cf 19       		.uleb128 0x19
 944 02d0 CE000000 		.4byte	.LASF40
 945 02d4 01       		.byte	0x1
 946 02d5 2601     		.2byte	0x126
 947 02d7 91000000 		.4byte	0x91
 948 02db 04       		.byte	0x4
 949 02dc 00       		.byte	0
 950 02dd 06       		.uleb128 0x6
 951 02de 97010000 		.4byte	.LASF41
 952 02e2 01       		.byte	0x1
 953 02e3 2701     		.2byte	0x127
 954 02e5 B9020000 		.4byte	0x2b9
 955 02e9 10       		.uleb128 0x10
 956 02ea DD020000 		.4byte	0x2dd
 957 02ee F9020000 		.4byte	0x2f9
 958 02f2 11       		.uleb128 0x11
 959 02f3 76000000 		.4byte	0x76
ARM GAS  C:\Users\Shahed\AppData\Local\Temp\ccIaIPgQ.s 			page 24


 960 02f7 01       		.byte	0x1
 961 02f8 00       		.byte	0
 962 02f9 1A       		.uleb128 0x1a
 963 02fa 6A000000 		.4byte	.LASF42
 964 02fe 01       		.byte	0x1
 965 02ff 2901     		.2byte	0x129
 966 0301 0B030000 		.4byte	0x30b
 967 0305 05       		.uleb128 0x5
 968 0306 03       		.byte	0x3
 969 0307 04000000 		.4byte	cfg_memset_list.4742
 970 030b 13       		.uleb128 0x13
 971 030c E9020000 		.4byte	0x2e9
 972 0310 1B       		.uleb128 0x1b
 973 0311 6900     		.ascii	"i\000"
 974 0313 01       		.byte	0x1
 975 0314 2F01     		.2byte	0x12f
 976 0316 86000000 		.4byte	0x86
 977 031a 02       		.uleb128 0x2
 978 031b 91       		.byte	0x91
 979 031c 77       		.sleb128 -9
 980 031d 17       		.uleb128 0x17
 981 031e 6E010000 		.4byte	.LBB3
 982 0322 3E000000 		.4byte	.LBE3-.LBB3
 983 0326 1B       		.uleb128 0x1b
 984 0327 6D7300   		.ascii	"ms\000"
 985 032a 01       		.byte	0x1
 986 032b 3401     		.2byte	0x134
 987 032d 34030000 		.4byte	0x334
 988 0331 02       		.uleb128 0x2
 989 0332 91       		.byte	0x91
 990 0333 70       		.sleb128 -16
 991 0334 0B       		.uleb128 0xb
 992 0335 04       		.byte	0x4
 993 0336 3A030000 		.4byte	0x33a
 994 033a 13       		.uleb128 0x13
 995 033b DD020000 		.4byte	0x2dd
 996 033f 00       		.byte	0
 997 0340 00       		.byte	0
 998 0341 00       		.byte	0
 999 0342 00       		.byte	0
 1000              		.section	.debug_abbrev,"",%progbits
 1001              	.Ldebug_abbrev0:
 1002 0000 01       		.uleb128 0x1
 1003 0001 11       		.uleb128 0x11
 1004 0002 01       		.byte	0x1
 1005 0003 25       		.uleb128 0x25
 1006 0004 0E       		.uleb128 0xe
 1007 0005 13       		.uleb128 0x13
 1008 0006 0B       		.uleb128 0xb
 1009 0007 03       		.uleb128 0x3
 1010 0008 0E       		.uleb128 0xe
 1011 0009 1B       		.uleb128 0x1b
 1012 000a 0E       		.uleb128 0xe
 1013 000b 55       		.uleb128 0x55
 1014 000c 17       		.uleb128 0x17
 1015 000d 11       		.uleb128 0x11
 1016 000e 01       		.uleb128 0x1
ARM GAS  C:\Users\Shahed\AppData\Local\Temp\ccIaIPgQ.s 			page 25


 1017 000f 10       		.uleb128 0x10
 1018 0010 17       		.uleb128 0x17
 1019 0011 00       		.byte	0
 1020 0012 00       		.byte	0
 1021 0013 02       		.uleb128 0x2
 1022 0014 24       		.uleb128 0x24
 1023 0015 00       		.byte	0
 1024 0016 0B       		.uleb128 0xb
 1025 0017 0B       		.uleb128 0xb
 1026 0018 3E       		.uleb128 0x3e
 1027 0019 0B       		.uleb128 0xb
 1028 001a 03       		.uleb128 0x3
 1029 001b 08       		.uleb128 0x8
 1030 001c 00       		.byte	0
 1031 001d 00       		.byte	0
 1032 001e 03       		.uleb128 0x3
 1033 001f 16       		.uleb128 0x16
 1034 0020 00       		.byte	0
 1035 0021 03       		.uleb128 0x3
 1036 0022 0E       		.uleb128 0xe
 1037 0023 3A       		.uleb128 0x3a
 1038 0024 0B       		.uleb128 0xb
 1039 0025 3B       		.uleb128 0x3b
 1040 0026 0B       		.uleb128 0xb
 1041 0027 49       		.uleb128 0x49
 1042 0028 13       		.uleb128 0x13
 1043 0029 00       		.byte	0
 1044 002a 00       		.byte	0
 1045 002b 04       		.uleb128 0x4
 1046 002c 24       		.uleb128 0x24
 1047 002d 00       		.byte	0
 1048 002e 0B       		.uleb128 0xb
 1049 002f 0B       		.uleb128 0xb
 1050 0030 3E       		.uleb128 0x3e
 1051 0031 0B       		.uleb128 0xb
 1052 0032 03       		.uleb128 0x3
 1053 0033 0E       		.uleb128 0xe
 1054 0034 00       		.byte	0
 1055 0035 00       		.byte	0
 1056 0036 05       		.uleb128 0x5
 1057 0037 0F       		.uleb128 0xf
 1058 0038 00       		.byte	0
 1059 0039 0B       		.uleb128 0xb
 1060 003a 0B       		.uleb128 0xb
 1061 003b 00       		.byte	0
 1062 003c 00       		.byte	0
 1063 003d 06       		.uleb128 0x6
 1064 003e 16       		.uleb128 0x16
 1065 003f 00       		.byte	0
 1066 0040 03       		.uleb128 0x3
 1067 0041 0E       		.uleb128 0xe
 1068 0042 3A       		.uleb128 0x3a
 1069 0043 0B       		.uleb128 0xb
 1070 0044 3B       		.uleb128 0x3b
 1071 0045 05       		.uleb128 0x5
 1072 0046 49       		.uleb128 0x49
 1073 0047 13       		.uleb128 0x13
ARM GAS  C:\Users\Shahed\AppData\Local\Temp\ccIaIPgQ.s 			page 26


 1074 0048 00       		.byte	0
 1075 0049 00       		.byte	0
 1076 004a 07       		.uleb128 0x7
 1077 004b 35       		.uleb128 0x35
 1078 004c 00       		.byte	0
 1079 004d 49       		.uleb128 0x49
 1080 004e 13       		.uleb128 0x13
 1081 004f 00       		.byte	0
 1082 0050 00       		.byte	0
 1083 0051 08       		.uleb128 0x8
 1084 0052 2E       		.uleb128 0x2e
 1085 0053 01       		.byte	0x1
 1086 0054 03       		.uleb128 0x3
 1087 0055 0E       		.uleb128 0xe
 1088 0056 3A       		.uleb128 0x3a
 1089 0057 0B       		.uleb128 0xb
 1090 0058 3B       		.uleb128 0x3b
 1091 0059 0B       		.uleb128 0xb
 1092 005a 27       		.uleb128 0x27
 1093 005b 19       		.uleb128 0x19
 1094 005c 11       		.uleb128 0x11
 1095 005d 01       		.uleb128 0x1
 1096 005e 12       		.uleb128 0x12
 1097 005f 06       		.uleb128 0x6
 1098 0060 40       		.uleb128 0x40
 1099 0061 18       		.uleb128 0x18
 1100 0062 9642     		.uleb128 0x2116
 1101 0064 19       		.uleb128 0x19
 1102 0065 01       		.uleb128 0x1
 1103 0066 13       		.uleb128 0x13
 1104 0067 00       		.byte	0
 1105 0068 00       		.byte	0
 1106 0069 09       		.uleb128 0x9
 1107 006a 05       		.uleb128 0x5
 1108 006b 00       		.byte	0
 1109 006c 03       		.uleb128 0x3
 1110 006d 08       		.uleb128 0x8
 1111 006e 3A       		.uleb128 0x3a
 1112 006f 0B       		.uleb128 0xb
 1113 0070 3B       		.uleb128 0x3b
 1114 0071 0B       		.uleb128 0xb
 1115 0072 49       		.uleb128 0x49
 1116 0073 13       		.uleb128 0x13
 1117 0074 02       		.uleb128 0x2
 1118 0075 18       		.uleb128 0x18
 1119 0076 00       		.byte	0
 1120 0077 00       		.byte	0
 1121 0078 0A       		.uleb128 0xa
 1122 0079 05       		.uleb128 0x5
 1123 007a 00       		.byte	0
 1124 007b 03       		.uleb128 0x3
 1125 007c 0E       		.uleb128 0xe
 1126 007d 3A       		.uleb128 0x3a
 1127 007e 0B       		.uleb128 0xb
 1128 007f 3B       		.uleb128 0x3b
 1129 0080 0B       		.uleb128 0xb
 1130 0081 49       		.uleb128 0x49
ARM GAS  C:\Users\Shahed\AppData\Local\Temp\ccIaIPgQ.s 			page 27


 1131 0082 13       		.uleb128 0x13
 1132 0083 02       		.uleb128 0x2
 1133 0084 18       		.uleb128 0x18
 1134 0085 00       		.byte	0
 1135 0086 00       		.byte	0
 1136 0087 0B       		.uleb128 0xb
 1137 0088 0F       		.uleb128 0xf
 1138 0089 00       		.byte	0
 1139 008a 0B       		.uleb128 0xb
 1140 008b 0B       		.uleb128 0xb
 1141 008c 49       		.uleb128 0x49
 1142 008d 13       		.uleb128 0x13
 1143 008e 00       		.byte	0
 1144 008f 00       		.byte	0
 1145 0090 0C       		.uleb128 0xc
 1146 0091 26       		.uleb128 0x26
 1147 0092 00       		.byte	0
 1148 0093 00       		.byte	0
 1149 0094 00       		.byte	0
 1150 0095 0D       		.uleb128 0xd
 1151 0096 2E       		.uleb128 0x2e
 1152 0097 01       		.byte	0x1
 1153 0098 03       		.uleb128 0x3
 1154 0099 0E       		.uleb128 0xe
 1155 009a 3A       		.uleb128 0x3a
 1156 009b 0B       		.uleb128 0xb
 1157 009c 3B       		.uleb128 0x3b
 1158 009d 0B       		.uleb128 0xb
 1159 009e 27       		.uleb128 0x27
 1160 009f 19       		.uleb128 0x19
 1161 00a0 11       		.uleb128 0x11
 1162 00a1 01       		.uleb128 0x1
 1163 00a2 12       		.uleb128 0x12
 1164 00a3 06       		.uleb128 0x6
 1165 00a4 40       		.uleb128 0x40
 1166 00a5 18       		.uleb128 0x18
 1167 00a6 9742     		.uleb128 0x2117
 1168 00a8 19       		.uleb128 0x19
 1169 00a9 01       		.uleb128 0x1
 1170 00aa 13       		.uleb128 0x13
 1171 00ab 00       		.byte	0
 1172 00ac 00       		.byte	0
 1173 00ad 0E       		.uleb128 0xe
 1174 00ae 13       		.uleb128 0x13
 1175 00af 01       		.byte	0x1
 1176 00b0 0B       		.uleb128 0xb
 1177 00b1 0B       		.uleb128 0xb
 1178 00b2 3A       		.uleb128 0x3a
 1179 00b3 0B       		.uleb128 0xb
 1180 00b4 3B       		.uleb128 0x3b
 1181 00b5 0B       		.uleb128 0xb
 1182 00b6 01       		.uleb128 0x1
 1183 00b7 13       		.uleb128 0x13
 1184 00b8 00       		.byte	0
 1185 00b9 00       		.byte	0
 1186 00ba 0F       		.uleb128 0xf
 1187 00bb 0D       		.uleb128 0xd
ARM GAS  C:\Users\Shahed\AppData\Local\Temp\ccIaIPgQ.s 			page 28


 1188 00bc 00       		.byte	0
 1189 00bd 03       		.uleb128 0x3
 1190 00be 0E       		.uleb128 0xe
 1191 00bf 3A       		.uleb128 0x3a
 1192 00c0 0B       		.uleb128 0xb
 1193 00c1 3B       		.uleb128 0x3b
 1194 00c2 0B       		.uleb128 0xb
 1195 00c3 49       		.uleb128 0x49
 1196 00c4 13       		.uleb128 0x13
 1197 00c5 38       		.uleb128 0x38
 1198 00c6 0B       		.uleb128 0xb
 1199 00c7 00       		.byte	0
 1200 00c8 00       		.byte	0
 1201 00c9 10       		.uleb128 0x10
 1202 00ca 01       		.uleb128 0x1
 1203 00cb 01       		.byte	0x1
 1204 00cc 49       		.uleb128 0x49
 1205 00cd 13       		.uleb128 0x13
 1206 00ce 01       		.uleb128 0x1
 1207 00cf 13       		.uleb128 0x13
 1208 00d0 00       		.byte	0
 1209 00d1 00       		.byte	0
 1210 00d2 11       		.uleb128 0x11
 1211 00d3 21       		.uleb128 0x21
 1212 00d4 00       		.byte	0
 1213 00d5 49       		.uleb128 0x49
 1214 00d6 13       		.uleb128 0x13
 1215 00d7 2F       		.uleb128 0x2f
 1216 00d8 0B       		.uleb128 0xb
 1217 00d9 00       		.byte	0
 1218 00da 00       		.byte	0
 1219 00db 12       		.uleb128 0x12
 1220 00dc 34       		.uleb128 0x34
 1221 00dd 00       		.byte	0
 1222 00de 03       		.uleb128 0x3
 1223 00df 0E       		.uleb128 0xe
 1224 00e0 3A       		.uleb128 0x3a
 1225 00e1 0B       		.uleb128 0xb
 1226 00e2 3B       		.uleb128 0x3b
 1227 00e3 0B       		.uleb128 0xb
 1228 00e4 49       		.uleb128 0x49
 1229 00e5 13       		.uleb128 0x13
 1230 00e6 02       		.uleb128 0x2
 1231 00e7 18       		.uleb128 0x18
 1232 00e8 00       		.byte	0
 1233 00e9 00       		.byte	0
 1234 00ea 13       		.uleb128 0x13
 1235 00eb 26       		.uleb128 0x26
 1236 00ec 00       		.byte	0
 1237 00ed 49       		.uleb128 0x49
 1238 00ee 13       		.uleb128 0x13
 1239 00ef 00       		.byte	0
 1240 00f0 00       		.byte	0
 1241 00f1 14       		.uleb128 0x14
 1242 00f2 2E       		.uleb128 0x2e
 1243 00f3 00       		.byte	0
 1244 00f4 03       		.uleb128 0x3
ARM GAS  C:\Users\Shahed\AppData\Local\Temp\ccIaIPgQ.s 			page 29


 1245 00f5 0E       		.uleb128 0xe
 1246 00f6 3A       		.uleb128 0x3a
 1247 00f7 0B       		.uleb128 0xb
 1248 00f8 3B       		.uleb128 0x3b
 1249 00f9 0B       		.uleb128 0xb
 1250 00fa 27       		.uleb128 0x27
 1251 00fb 19       		.uleb128 0x19
 1252 00fc 11       		.uleb128 0x11
 1253 00fd 01       		.uleb128 0x1
 1254 00fe 12       		.uleb128 0x12
 1255 00ff 06       		.uleb128 0x6
 1256 0100 40       		.uleb128 0x40
 1257 0101 18       		.uleb128 0x18
 1258 0102 9642     		.uleb128 0x2116
 1259 0104 19       		.uleb128 0x19
 1260 0105 00       		.byte	0
 1261 0106 00       		.byte	0
 1262 0107 15       		.uleb128 0x15
 1263 0108 2E       		.uleb128 0x2e
 1264 0109 00       		.byte	0
 1265 010a 03       		.uleb128 0x3
 1266 010b 0E       		.uleb128 0xe
 1267 010c 3A       		.uleb128 0x3a
 1268 010d 0B       		.uleb128 0xb
 1269 010e 3B       		.uleb128 0x3b
 1270 010f 05       		.uleb128 0x5
 1271 0110 27       		.uleb128 0x27
 1272 0111 19       		.uleb128 0x19
 1273 0112 11       		.uleb128 0x11
 1274 0113 01       		.uleb128 0x1
 1275 0114 12       		.uleb128 0x12
 1276 0115 06       		.uleb128 0x6
 1277 0116 40       		.uleb128 0x40
 1278 0117 18       		.uleb128 0x18
 1279 0118 9742     		.uleb128 0x2117
 1280 011a 19       		.uleb128 0x19
 1281 011b 00       		.byte	0
 1282 011c 00       		.byte	0
 1283 011d 16       		.uleb128 0x16
 1284 011e 2E       		.uleb128 0x2e
 1285 011f 01       		.byte	0x1
 1286 0120 3F       		.uleb128 0x3f
 1287 0121 19       		.uleb128 0x19
 1288 0122 03       		.uleb128 0x3
 1289 0123 0E       		.uleb128 0xe
 1290 0124 3A       		.uleb128 0x3a
 1291 0125 0B       		.uleb128 0xb
 1292 0126 3B       		.uleb128 0x3b
 1293 0127 05       		.uleb128 0x5
 1294 0128 27       		.uleb128 0x27
 1295 0129 19       		.uleb128 0x19
 1296 012a 11       		.uleb128 0x11
 1297 012b 01       		.uleb128 0x1
 1298 012c 12       		.uleb128 0x12
 1299 012d 06       		.uleb128 0x6
 1300 012e 40       		.uleb128 0x40
 1301 012f 18       		.uleb128 0x18
ARM GAS  C:\Users\Shahed\AppData\Local\Temp\ccIaIPgQ.s 			page 30


 1302 0130 9642     		.uleb128 0x2116
 1303 0132 19       		.uleb128 0x19
 1304 0133 00       		.byte	0
 1305 0134 00       		.byte	0
 1306 0135 17       		.uleb128 0x17
 1307 0136 0B       		.uleb128 0xb
 1308 0137 01       		.byte	0x1
 1309 0138 11       		.uleb128 0x11
 1310 0139 01       		.uleb128 0x1
 1311 013a 12       		.uleb128 0x12
 1312 013b 06       		.uleb128 0x6
 1313 013c 00       		.byte	0
 1314 013d 00       		.byte	0
 1315 013e 18       		.uleb128 0x18
 1316 013f 13       		.uleb128 0x13
 1317 0140 01       		.byte	0x1
 1318 0141 0B       		.uleb128 0xb
 1319 0142 0B       		.uleb128 0xb
 1320 0143 3A       		.uleb128 0x3a
 1321 0144 0B       		.uleb128 0xb
 1322 0145 3B       		.uleb128 0x3b
 1323 0146 05       		.uleb128 0x5
 1324 0147 01       		.uleb128 0x1
 1325 0148 13       		.uleb128 0x13
 1326 0149 00       		.byte	0
 1327 014a 00       		.byte	0
 1328 014b 19       		.uleb128 0x19
 1329 014c 0D       		.uleb128 0xd
 1330 014d 00       		.byte	0
 1331 014e 03       		.uleb128 0x3
 1332 014f 0E       		.uleb128 0xe
 1333 0150 3A       		.uleb128 0x3a
 1334 0151 0B       		.uleb128 0xb
 1335 0152 3B       		.uleb128 0x3b
 1336 0153 05       		.uleb128 0x5
 1337 0154 49       		.uleb128 0x49
 1338 0155 13       		.uleb128 0x13
 1339 0156 38       		.uleb128 0x38
 1340 0157 0B       		.uleb128 0xb
 1341 0158 00       		.byte	0
 1342 0159 00       		.byte	0
 1343 015a 1A       		.uleb128 0x1a
 1344 015b 34       		.uleb128 0x34
 1345 015c 00       		.byte	0
 1346 015d 03       		.uleb128 0x3
 1347 015e 0E       		.uleb128 0xe
 1348 015f 3A       		.uleb128 0x3a
 1349 0160 0B       		.uleb128 0xb
 1350 0161 3B       		.uleb128 0x3b
 1351 0162 05       		.uleb128 0x5
 1352 0163 49       		.uleb128 0x49
 1353 0164 13       		.uleb128 0x13
 1354 0165 02       		.uleb128 0x2
 1355 0166 18       		.uleb128 0x18
 1356 0167 00       		.byte	0
 1357 0168 00       		.byte	0
 1358 0169 1B       		.uleb128 0x1b
ARM GAS  C:\Users\Shahed\AppData\Local\Temp\ccIaIPgQ.s 			page 31


 1359 016a 34       		.uleb128 0x34
 1360 016b 00       		.byte	0
 1361 016c 03       		.uleb128 0x3
 1362 016d 08       		.uleb128 0x8
 1363 016e 3A       		.uleb128 0x3a
 1364 016f 0B       		.uleb128 0xb
 1365 0170 3B       		.uleb128 0x3b
 1366 0171 05       		.uleb128 0x5
 1367 0172 49       		.uleb128 0x49
 1368 0173 13       		.uleb128 0x13
 1369 0174 02       		.uleb128 0x2
 1370 0175 18       		.uleb128 0x18
 1371 0176 00       		.byte	0
 1372 0177 00       		.byte	0
 1373 0178 00       		.byte	0
 1374              		.section	.debug_aranges,"",%progbits
 1375 0000 4C000000 		.4byte	0x4c
 1376 0004 0200     		.2byte	0x2
 1377 0006 00000000 		.4byte	.Ldebug_info0
 1378 000a 04       		.byte	0x4
 1379 000b 00       		.byte	0
 1380 000c 0000     		.2byte	0
 1381 000e 0000     		.2byte	0
 1382 0010 00000000 		.4byte	.LFB2
 1383 0014 1E000000 		.4byte	.LFE2-.LFB2
 1384 0018 00000000 		.4byte	.LFB3
 1385 001c 22000000 		.4byte	.LFE3-.LFB3
 1386 0020 00000000 		.4byte	.LFB4
 1387 0024 22000000 		.4byte	.LFE4-.LFB4
 1388 0028 00000000 		.4byte	.LFB5
 1389 002c A4000000 		.4byte	.LFE5-.LFB5
 1390 0030 A4000000 		.4byte	.LFB6
 1391 0034 B4000000 		.4byte	.LFE6-.LFB6
 1392 0038 00000000 		.4byte	.LFB7
 1393 003c 28000000 		.4byte	.LFE7-.LFB7
 1394 0040 58010000 		.4byte	.LFB8
 1395 0044 10010000 		.4byte	.LFE8-.LFB8
 1396 0048 00000000 		.4byte	0
 1397 004c 00000000 		.4byte	0
 1398              		.section	.debug_ranges,"",%progbits
 1399              	.Ldebug_ranges0:
 1400 0000 00000000 		.4byte	.LFB2
 1401 0004 1E000000 		.4byte	.LFE2
 1402 0008 00000000 		.4byte	.LFB3
 1403 000c 22000000 		.4byte	.LFE3
 1404 0010 00000000 		.4byte	.LFB4
 1405 0014 22000000 		.4byte	.LFE4
 1406 0018 00000000 		.4byte	.LFB5
 1407 001c A4000000 		.4byte	.LFE5
 1408 0020 A4000000 		.4byte	.LFB6
 1409 0024 58010000 		.4byte	.LFE6
 1410 0028 00000000 		.4byte	.LFB7
 1411 002c 28000000 		.4byte	.LFE7
 1412 0030 58010000 		.4byte	.LFB8
 1413 0034 68020000 		.4byte	.LFE8
 1414 0038 00000000 		.4byte	0
 1415 003c 00000000 		.4byte	0
ARM GAS  C:\Users\Shahed\AppData\Local\Temp\ccIaIPgQ.s 			page 32


 1416              		.section	.debug_line,"",%progbits
 1417              	.Ldebug_line0:
 1418 0000 81010000 		.section	.debug_str,"MS",%progbits,1
 1418      0200D000 
 1418      00000201 
 1418      FB0E0D00 
 1418      01010101 
 1419              	.LASF45:
 1420 0000 433A5C55 		.ascii	"C:\\Users\\Shahed\\Documents\\PSoC Creator\\BLE Lab"
 1420      73657273 
 1420      5C536861 
 1420      6865645C 
 1420      446F6375 
 1421 002e 20315C42 		.ascii	" 1\\BLE Lab 1.cydsn\000"
 1421      4C45204C 
 1421      61622031 
 1421      2E637964 
 1421      736E00
 1422              	.LASF11:
 1423 0041 73697A65 		.ascii	"size_t\000"
 1423      5F7400
 1424              	.LASF38:
 1425 0048 416E616C 		.ascii	"AnalogSetDefault\000"
 1425      6F675365 
 1425      74446566 
 1425      61756C74 
 1425      00
 1426              	.LASF29:
 1427 0059 696D6F5F 		.ascii	"imo_trim_entry_t\000"
 1427      7472696D 
 1427      5F656E74 
 1427      72795F74 
 1427      00
 1428              	.LASF42:
 1429 006a 6366675F 		.ascii	"cfg_memset_list\000"
 1429      6D656D73 
 1429      65745F6C 
 1429      69737400 
 1430              	.LASF37:
 1431 007a 436C6F63 		.ascii	"ClockSetup\000"
 1431      6B536574 
 1431      757000
 1432              	.LASF28:
 1433 0085 746D7063 		.ascii	"tmpco\000"
 1433      6F00
 1434              	.LASF4:
 1435 008b 73686F72 		.ascii	"short unsigned int\000"
 1435      7420756E 
 1435      7369676E 
 1435      65642069 
 1435      6E7400
 1436              	.LASF3:
 1437 009e 73686F72 		.ascii	"short int\000"
 1437      7420696E 
 1437      7400
 1438              	.LASF24:
 1439 00a8 53657449 		.ascii	"SetIMOBGTrims\000"
ARM GAS  C:\Users\Shahed\AppData\Local\Temp\ccIaIPgQ.s 			page 33


 1439      4D4F4247 
 1439      5472696D 
 1439      7300
 1440              	.LASF16:
 1441 00b6 666C6F61 		.ascii	"float\000"
 1441      7400
 1442              	.LASF34:
 1443 00bc 696D6F54 		.ascii	"imoTrimIndex\000"
 1443      72696D49 
 1443      6E646578 
 1443      00
 1444              	.LASF22:
 1445 00c9 64657374 		.ascii	"dest\000"
 1445      00
 1446              	.LASF40:
 1447 00ce 73697A65 		.ascii	"size\000"
 1447      00
 1448              	.LASF18:
 1449 00d3 72656738 		.ascii	"reg8\000"
 1449      00
 1450              	.LASF6:
 1451 00d8 6C6F6E67 		.ascii	"long unsigned int\000"
 1451      20756E73 
 1451      69676E65 
 1451      6420696E 
 1451      7400
 1452              	.LASF15:
 1453 00ea 696E7433 		.ascii	"int32\000"
 1453      3200
 1454              	.LASF20:
 1455 00f0 43594D45 		.ascii	"CYMEMZERO\000"
 1455      4D5A4552 
 1455      4F00
 1456              	.LASF2:
 1457 00fa 756E7369 		.ascii	"unsigned char\000"
 1457      676E6564 
 1457      20636861 
 1457      7200
 1458              	.LASF17:
 1459 0108 646F7562 		.ascii	"double\000"
 1459      6C6500
 1460              	.LASF25:
 1461 010f 696D6F46 		.ascii	"imoFreq\000"
 1461      72657100 
 1462              	.LASF21:
 1463 0117 4359434F 		.ascii	"CYCONFIGCPY\000"
 1463      4E464947 
 1463      43505900 
 1464              	.LASF33:
 1465 0123 494D4F5F 		.ascii	"IMO_TRIM_FREQ_TABLE_ENTRIES\000"
 1465      5452494D 
 1465      5F465245 
 1465      515F5441 
 1465      424C455F 
 1466              	.LASF13:
 1467 013f 75696E74 		.ascii	"uint16\000"
 1467      313600
ARM GAS  C:\Users\Shahed\AppData\Local\Temp\ccIaIPgQ.s 			page 34


 1468              	.LASF14:
 1469 0146 75696E74 		.ascii	"uint32\000"
 1469      333200
 1470              	.LASF0:
 1471 014d 756E7369 		.ascii	"unsigned int\000"
 1471      676E6564 
 1471      20696E74 
 1471      00
 1472              	.LASF46:
 1473 015a 63796669 		.ascii	"cyfitter_cfg\000"
 1473      74746572 
 1473      5F636667 
 1473      00
 1474              	.LASF39:
 1475 0167 61646472 		.ascii	"address\000"
 1475      65737300 
 1476              	.LASF8:
 1477 016f 6C6F6E67 		.ascii	"long long unsigned int\000"
 1477      206C6F6E 
 1477      6720756E 
 1477      7369676E 
 1477      65642069 
 1478              	.LASF31:
 1479 0186 696D6F5F 		.ascii	"imo_trim_table_t\000"
 1479      7472696D 
 1479      5F746162 
 1479      6C655F74 
 1479      00
 1480              	.LASF41:
 1481 0197 6366675F 		.ascii	"cfg_memset_t\000"
 1481      6D656D73 
 1481      65745F74 
 1481      00
 1482              	.LASF44:
 1483 01a4 2E5C4765 		.ascii	".\\Generated_Source\\PSoC4\\cyfitter_cfg.c\000"
 1483      6E657261 
 1483      7465645F 
 1483      536F7572 
 1483      63655C50 
 1484              	.LASF9:
 1485 01cc 73697A65 		.ascii	"sizetype\000"
 1485      74797065 
 1485      00
 1486              	.LASF36:
 1487 01d5 73657454 		.ascii	"setTmpCo\000"
 1487      6D70436F 
 1487      00
 1488              	.LASF7:
 1489 01de 6C6F6E67 		.ascii	"long long int\000"
 1489      206C6F6E 
 1489      6720696E 
 1489      7400
 1490              	.LASF10:
 1491 01ec 63686172 		.ascii	"char\000"
 1491      00
 1492              	.LASF27:
 1493 01f1 6162736F 		.ascii	"absolute\000"
ARM GAS  C:\Users\Shahed\AppData\Local\Temp\ccIaIPgQ.s 			page 35


 1493      6C757465 
 1493      00
 1494              	.LASF26:
 1495 01fa 66726571 		.ascii	"freq\000"
 1495      00
 1496              	.LASF12:
 1497 01ff 75696E74 		.ascii	"uint8\000"
 1497      3800
 1498              	.LASF30:
 1499 0205 656E7472 		.ascii	"entries\000"
 1499      69657300 
 1500              	.LASF32:
 1501 020d 696D6F5F 		.ascii	"imo_trim_table\000"
 1501      7472696D 
 1501      5F746162 
 1501      6C6500
 1502              	.LASF5:
 1503 021c 6C6F6E67 		.ascii	"long int\000"
 1503      20696E74 
 1503      00
 1504              	.LASF19:
 1505 0225 72656733 		.ascii	"reg32\000"
 1505      3200
 1506              	.LASF35:
 1507 022b 73657441 		.ascii	"setAbs\000"
 1507      627300
 1508              	.LASF1:
 1509 0232 7369676E 		.ascii	"signed char\000"
 1509      65642063 
 1509      68617200 
 1510              	.LASF23:
 1511 023e 4359434F 		.ascii	"CYCONFIGCPYCODE\000"
 1511      4E464947 
 1511      43505943 
 1511      4F444500 
 1512              	.LASF43:
 1513 024e 474E5520 		.ascii	"GNU C 4.8.4 20140526 (release) [ARM/embedded-4_8-br"
 1513      4320342E 
 1513      382E3420 
 1513      32303134 
 1513      30353236 
 1514 0281 616E6368 		.ascii	"anch revision 211358] -mcpu=cortex-m0 -mthumb -g -O"
 1514      20726576 
 1514      6973696F 
 1514      6E203231 
 1514      31333538 
 1515 02b4 30202D66 		.ascii	"0 -ffunction-sections\000"
 1515      66756E63 
 1515      74696F6E 
 1515      2D736563 
 1515      74696F6E 
 1516              		.ident	"GCC: (GNU Tools for ARM Embedded Processors) 4.8.4 20140526 (release) [ARM/embedded-4_8-br
