ARM GAS  C:\Users\Shahed\AppData\Local\Temp\ccpWdFpd.s 			page 1


   1              		.cpu cortex-m0
   2              		.fpu softvfp
   3              		.eabi_attribute 20, 1
   4              		.eabi_attribute 21, 1
   5              		.eabi_attribute 23, 3
   6              		.eabi_attribute 24, 1
   7              		.eabi_attribute 25, 1
   8              		.eabi_attribute 26, 1
   9              		.eabi_attribute 30, 6
  10              		.eabi_attribute 34, 0
  11              		.eabi_attribute 18, 4
  12              		.code	16
  13              		.file	"main.c"
  14              		.text
  15              	.Ltext0:
  16              		.cfi_sections	.debug_frame
  17              		.section	.text.main,"ax",%progbits
  18              		.align	2
  19              		.global	main
  20              		.code	16
  21              		.thumb_func
  22              		.type	main, %function
  23              	main:
  24              	.LFB35:
  25              		.file 1 ".\\main.c"
   1:.\main.c      **** /* ========================================
   2:.\main.c      ****  *
   3:.\main.c      ****  * Copyright YOUR COMPANY, THE YEAR
   4:.\main.c      ****  * All Rights Reserved
   5:.\main.c      ****  * UNPUBLISHED, LICENSED SOFTWARE.
   6:.\main.c      ****  *
   7:.\main.c      ****  * CONFIDENTIAL AND PROPRIETARY INFORMATION
   8:.\main.c      ****  * WHICH IS THE PROPERTY OF your company.
   9:.\main.c      ****  *
  10:.\main.c      ****  * ========================================
  11:.\main.c      **** */
  12:.\main.c      **** #include <project.h>
  13:.\main.c      **** 
  14:.\main.c      **** int main()
  15:.\main.c      **** {
  26              		.loc 1 15 0
  27              		.cfi_startproc
  28 0000 80B5     		push	{r7, lr}
  29              		.cfi_def_cfa_offset 8
  30              		.cfi_offset 7, -8
  31              		.cfi_offset 14, -4
  32 0002 00AF     		add	r7, sp, #0
  33              		.cfi_def_cfa_register 7
  34              	.L2:
  16:.\main.c      ****     /* Place your initialization/startup code here (e.g. MyInst_Start()) */
  17:.\main.c      **** 
  18:.\main.c      ****     /* CyGlobalIntEnable; */ /* Uncomment this line to enable global interrupts. */
  19:.\main.c      ****     for(;;)
  20:.\main.c      ****     {
  21:.\main.c      ****         Pin_LED_Write(~Pin_LED_Read());
  35              		.loc 1 21 0 discriminator 1
  36 0004 FFF7FEFF 		bl	Pin_LED_Read
ARM GAS  C:\Users\Shahed\AppData\Local\Temp\ccpWdFpd.s 			page 2


  37 0008 031C     		mov	r3, r0
  38 000a DB43     		mvn	r3, r3
  39 000c DBB2     		uxtb	r3, r3
  40 000e 181C     		mov	r0, r3
  41 0010 FFF7FEFF 		bl	Pin_LED_Write
  22:.\main.c      ****     }
  42              		.loc 1 22 0 discriminator 1
  43 0014 F6E7     		b	.L2
  44              		.cfi_endproc
  45              	.LFE35:
  46              		.size	main, .-main
  47 0016 C046     		.text
  48              	.Letext0:
  49              		.section	.debug_info,"",%progbits
  50              	.Ldebug_info0:
  51 0000 99000000 		.4byte	0x99
  52 0004 0400     		.2byte	0x4
  53 0006 00000000 		.4byte	.Ldebug_abbrev0
  54 000a 04       		.byte	0x4
  55 000b 01       		.uleb128 0x1
  56 000c 49000000 		.4byte	.LASF13
  57 0010 01       		.byte	0x1
  58 0011 58010000 		.4byte	.LASF14
  59 0015 11010000 		.4byte	.LASF15
  60 0019 00000000 		.4byte	.Ldebug_ranges0+0
  61 001d 00000000 		.4byte	0
  62 0021 00000000 		.4byte	.Ldebug_line0
  63 0025 02       		.uleb128 0x2
  64 0026 01       		.byte	0x1
  65 0027 06       		.byte	0x6
  66 0028 05010000 		.4byte	.LASF0
  67 002c 02       		.uleb128 0x2
  68 002d 01       		.byte	0x1
  69 002e 08       		.byte	0x8
  70 002f C5000000 		.4byte	.LASF1
  71 0033 02       		.uleb128 0x2
  72 0034 02       		.byte	0x2
  73 0035 05       		.byte	0x5
  74 0036 E1000000 		.4byte	.LASF2
  75 003a 02       		.uleb128 0x2
  76 003b 02       		.byte	0x2
  77 003c 07       		.byte	0x7
  78 003d F2000000 		.4byte	.LASF3
  79 0041 02       		.uleb128 0x2
  80 0042 04       		.byte	0x4
  81 0043 05       		.byte	0x5
  82 0044 D8000000 		.4byte	.LASF4
  83 0048 02       		.uleb128 0x2
  84 0049 04       		.byte	0x4
  85 004a 07       		.byte	0x7
  86 004b 20000000 		.4byte	.LASF5
  87 004f 02       		.uleb128 0x2
  88 0050 08       		.byte	0x8
  89 0051 05       		.byte	0x5
  90 0052 00000000 		.4byte	.LASF6
  91 0056 02       		.uleb128 0x2
  92 0057 08       		.byte	0x8
ARM GAS  C:\Users\Shahed\AppData\Local\Temp\ccpWdFpd.s 			page 3


  93 0058 07       		.byte	0x7
  94 0059 32000000 		.4byte	.LASF7
  95 005d 03       		.uleb128 0x3
  96 005e 04       		.byte	0x4
  97 005f 05       		.byte	0x5
  98 0060 696E7400 		.ascii	"int\000"
  99 0064 02       		.uleb128 0x2
 100 0065 04       		.byte	0x4
 101 0066 07       		.byte	0x7
 102 0067 0E000000 		.4byte	.LASF8
 103 006b 02       		.uleb128 0x2
 104 006c 04       		.byte	0x4
 105 006d 04       		.byte	0x4
 106 006e 52010000 		.4byte	.LASF9
 107 0072 02       		.uleb128 0x2
 108 0073 08       		.byte	0x8
 109 0074 04       		.byte	0x4
 110 0075 EB000000 		.4byte	.LASF10
 111 0079 02       		.uleb128 0x2
 112 007a 01       		.byte	0x1
 113 007b 08       		.byte	0x8
 114 007c D3000000 		.4byte	.LASF11
 115 0080 02       		.uleb128 0x2
 116 0081 04       		.byte	0x4
 117 0082 07       		.byte	0x7
 118 0083 61010000 		.4byte	.LASF12
 119 0087 04       		.uleb128 0x4
 120 0088 1B000000 		.4byte	.LASF16
 121 008c 01       		.byte	0x1
 122 008d 0E       		.byte	0xe
 123 008e 5D000000 		.4byte	0x5d
 124 0092 00000000 		.4byte	.LFB35
 125 0096 16000000 		.4byte	.LFE35-.LFB35
 126 009a 01       		.uleb128 0x1
 127 009b 9C       		.byte	0x9c
 128 009c 00       		.byte	0
 129              		.section	.debug_abbrev,"",%progbits
 130              	.Ldebug_abbrev0:
 131 0000 01       		.uleb128 0x1
 132 0001 11       		.uleb128 0x11
 133 0002 01       		.byte	0x1
 134 0003 25       		.uleb128 0x25
 135 0004 0E       		.uleb128 0xe
 136 0005 13       		.uleb128 0x13
 137 0006 0B       		.uleb128 0xb
 138 0007 03       		.uleb128 0x3
 139 0008 0E       		.uleb128 0xe
 140 0009 1B       		.uleb128 0x1b
 141 000a 0E       		.uleb128 0xe
 142 000b 55       		.uleb128 0x55
 143 000c 17       		.uleb128 0x17
 144 000d 11       		.uleb128 0x11
 145 000e 01       		.uleb128 0x1
 146 000f 10       		.uleb128 0x10
 147 0010 17       		.uleb128 0x17
 148 0011 00       		.byte	0
 149 0012 00       		.byte	0
ARM GAS  C:\Users\Shahed\AppData\Local\Temp\ccpWdFpd.s 			page 4


 150 0013 02       		.uleb128 0x2
 151 0014 24       		.uleb128 0x24
 152 0015 00       		.byte	0
 153 0016 0B       		.uleb128 0xb
 154 0017 0B       		.uleb128 0xb
 155 0018 3E       		.uleb128 0x3e
 156 0019 0B       		.uleb128 0xb
 157 001a 03       		.uleb128 0x3
 158 001b 0E       		.uleb128 0xe
 159 001c 00       		.byte	0
 160 001d 00       		.byte	0
 161 001e 03       		.uleb128 0x3
 162 001f 24       		.uleb128 0x24
 163 0020 00       		.byte	0
 164 0021 0B       		.uleb128 0xb
 165 0022 0B       		.uleb128 0xb
 166 0023 3E       		.uleb128 0x3e
 167 0024 0B       		.uleb128 0xb
 168 0025 03       		.uleb128 0x3
 169 0026 08       		.uleb128 0x8
 170 0027 00       		.byte	0
 171 0028 00       		.byte	0
 172 0029 04       		.uleb128 0x4
 173 002a 2E       		.uleb128 0x2e
 174 002b 00       		.byte	0
 175 002c 3F       		.uleb128 0x3f
 176 002d 19       		.uleb128 0x19
 177 002e 03       		.uleb128 0x3
 178 002f 0E       		.uleb128 0xe
 179 0030 3A       		.uleb128 0x3a
 180 0031 0B       		.uleb128 0xb
 181 0032 3B       		.uleb128 0x3b
 182 0033 0B       		.uleb128 0xb
 183 0034 49       		.uleb128 0x49
 184 0035 13       		.uleb128 0x13
 185 0036 11       		.uleb128 0x11
 186 0037 01       		.uleb128 0x1
 187 0038 12       		.uleb128 0x12
 188 0039 06       		.uleb128 0x6
 189 003a 40       		.uleb128 0x40
 190 003b 18       		.uleb128 0x18
 191 003c 9642     		.uleb128 0x2116
 192 003e 19       		.uleb128 0x19
 193 003f 00       		.byte	0
 194 0040 00       		.byte	0
 195 0041 00       		.byte	0
 196              		.section	.debug_aranges,"",%progbits
 197 0000 1C000000 		.4byte	0x1c
 198 0004 0200     		.2byte	0x2
 199 0006 00000000 		.4byte	.Ldebug_info0
 200 000a 04       		.byte	0x4
 201 000b 00       		.byte	0
 202 000c 0000     		.2byte	0
 203 000e 0000     		.2byte	0
 204 0010 00000000 		.4byte	.LFB35
 205 0014 16000000 		.4byte	.LFE35-.LFB35
 206 0018 00000000 		.4byte	0
ARM GAS  C:\Users\Shahed\AppData\Local\Temp\ccpWdFpd.s 			page 5


 207 001c 00000000 		.4byte	0
 208              		.section	.debug_ranges,"",%progbits
 209              	.Ldebug_ranges0:
 210 0000 00000000 		.4byte	.LFB35
 211 0004 16000000 		.4byte	.LFE35
 212 0008 00000000 		.4byte	0
 213 000c 00000000 		.4byte	0
 214              		.section	.debug_line,"",%progbits
 215              	.Ldebug_line0:
 216 0000 3E000000 		.section	.debug_str,"MS",%progbits,1
 216      02001F00 
 216      00000201 
 216      FB0E0D00 
 216      01010101 
 217              	.LASF6:
 218 0000 6C6F6E67 		.ascii	"long long int\000"
 218      206C6F6E 
 218      6720696E 
 218      7400
 219              	.LASF8:
 220 000e 756E7369 		.ascii	"unsigned int\000"
 220      676E6564 
 220      20696E74 
 220      00
 221              	.LASF16:
 222 001b 6D61696E 		.ascii	"main\000"
 222      00
 223              	.LASF5:
 224 0020 6C6F6E67 		.ascii	"long unsigned int\000"
 224      20756E73 
 224      69676E65 
 224      6420696E 
 224      7400
 225              	.LASF7:
 226 0032 6C6F6E67 		.ascii	"long long unsigned int\000"
 226      206C6F6E 
 226      6720756E 
 226      7369676E 
 226      65642069 
 227              	.LASF13:
 228 0049 474E5520 		.ascii	"GNU C 4.8.4 20140526 (release) [ARM/embedded-4_8-br"
 228      4320342E 
 228      382E3420 
 228      32303134 
 228      30353236 
 229 007c 616E6368 		.ascii	"anch revision 211358] -mcpu=cortex-m0 -mthumb -g -O"
 229      20726576 
 229      6973696F 
 229      6E203231 
 229      31333538 
 230 00af 30202D66 		.ascii	"0 -ffunction-sections\000"
 230      66756E63 
 230      74696F6E 
 230      2D736563 
 230      74696F6E 
 231              	.LASF1:
 232 00c5 756E7369 		.ascii	"unsigned char\000"
ARM GAS  C:\Users\Shahed\AppData\Local\Temp\ccpWdFpd.s 			page 6


 232      676E6564 
 232      20636861 
 232      7200
 233              	.LASF11:
 234 00d3 63686172 		.ascii	"char\000"
 234      00
 235              	.LASF4:
 236 00d8 6C6F6E67 		.ascii	"long int\000"
 236      20696E74 
 236      00
 237              	.LASF2:
 238 00e1 73686F72 		.ascii	"short int\000"
 238      7420696E 
 238      7400
 239              	.LASF10:
 240 00eb 646F7562 		.ascii	"double\000"
 240      6C6500
 241              	.LASF3:
 242 00f2 73686F72 		.ascii	"short unsigned int\000"
 242      7420756E 
 242      7369676E 
 242      65642069 
 242      6E7400
 243              	.LASF0:
 244 0105 7369676E 		.ascii	"signed char\000"
 244      65642063 
 244      68617200 
 245              	.LASF15:
 246 0111 433A5C55 		.ascii	"C:\\Users\\Shahed\\Documents\\PSoC Creator\\BLE Lab"
 246      73657273 
 246      5C536861 
 246      6865645C 
 246      446F6375 
 247 013f 20315C42 		.ascii	" 1\\BLE Lab 1.cydsn\000"
 247      4C45204C 
 247      61622031 
 247      2E637964 
 247      736E00
 248              	.LASF9:
 249 0152 666C6F61 		.ascii	"float\000"
 249      7400
 250              	.LASF14:
 251 0158 2E5C6D61 		.ascii	".\\main.c\000"
 251      696E2E63 
 251      00
 252              	.LASF12:
 253 0161 73697A65 		.ascii	"sizetype\000"
 253      74797065 
 253      00
 254              		.ident	"GCC: (GNU Tools for ARM Embedded Processors) 4.8.4 20140526 (release) [ARM/embedded-4_8-br
