C51 COMPILER V9.51   MAIN                                                                  09/27/2016 06:28:43 PAGE 1   


C51 COMPILER V9.51, COMPILATION OF MODULE MAIN
OBJECT MODULE PLACED IN .\DP8051_Keil_951\Debug\main.obj
COMPILER INVOKED BY: C:\Program Files (x86)\Cypress\PSoC Creator\3.1\PSoC Creator\import\keil\pk51\9.51\C51\BIN\c51.exe 
                    -.\main.c NOIV LARGE MODDP2 OMF2 VB(1) NOIP INCDIR(.,.\Generated_Source\PSoC3) FF(3) DB WL(2) PR(.\DP8051_Keil_951\Debug/
                    -main.lst) OT(0) OJ(.\DP8051_Keil_951\Debug\main.obj)

line level    source

   1          /*******************************************************************************
   2          * File: main.c
   3          *
   4          * Description: 
   5          *       The HelloWorld project prints the string 'Hello World' on the character LCD
   6          *       and blinks an LED.
   7          *
   8          ********************************************************************************
   9          * Copyright 2012, Cypress Semiconductor Corporation. All rights reserved.
  10          * This software is owned by Cypress Semiconductor Corporation and is protected
  11          * by and subject to worldwide patent and copyright laws and treaties.
  12          * Therefore, you may use this software only as provided in the license agreement
  13          * accompanying the software package from which you obtained this software.
  14          * CYPRESS AND ITS SUPPLIERS MAKE NO WARRANTY OF ANY KIND, EXPRESS OR IMPLIED,
  15          * WITH REGARD TO THIS SOFTWARE, INCLUDING, BUT NOT LIMITED TO, NONINFRINGEMENT,
  16          * IMPLIED WARRANTIES OF MERCHANTABILITY AND FITNESS FOR A PARTICULAR PURPOSE.
  17          *******************************************************************************/
  18          
  19          #include <device.h>
  20          
  21          /*******************************************************************************
  22          * Function Name: main
  23          ********************************************************************************
  24          *
  25          * Summary:
  26          *  Main function performs following functions:
  27          *   1. Start the LCD and PWM
  28          *   2. Print 'Hello World' on the LCD
  29          *
  30          * Parameters:
  31          *  None.
  32          *
  33          * Return:
  34          *  None.
  35          *
  36          *******************************************************************************/
  37          void main()
  38          {
  39   1              /* Start LCD and PWM */
  40   1              LCD_Char_Start();
  41   1              PWM_Start();
  42   1              
  43   1              /* Print Hello World on LCD */
  44   1              LCD_Char_PrintString("Hello World");
  45   1      
  46   1          /* Loop forever */
  47   1              for(;;)
  48   1          {
  49   2          }
  50   1      }
  51          /* End of main */
  52          
  53          
C51 COMPILER V9.51   MAIN                                                                  09/27/2016 06:28:43 PAGE 2   

  54          /* [] END OF FILE */


MODULE INFORMATION:   STATIC OVERLAYABLE
   CODE SIZE        =     18    ----
   CONSTANT SIZE    =     12    ----
   XDATA SIZE       =   ----    ----
   PDATA SIZE       =   ----    ----
   DATA SIZE        =   ----    ----
   IDATA SIZE       =   ----    ----
   BIT SIZE         =   ----    ----
   EDATA SIZE       =   ----    ----
   HDATA SIZE       =   ----    ----
   XDATA CONST SIZE =   ----    ----
   FAR CONST SIZE   =   ----    ----
END OF MODULE INFORMATION.


C51 COMPILATION COMPLETE.  0 WARNING(S),  0 ERROR(S)
