C51 COMPILER V9.51   P0_0                                                                  09/27/2016 06:28:44 PAGE 1   


C51 COMPILER V9.51, COMPILATION OF MODULE P0_0
OBJECT MODULE PLACED IN .\DP8051_Keil_951\Debug\P0_0.obj
COMPILER INVOKED BY: C:\Program Files (x86)\Cypress\PSoC Creator\3.1\PSoC Creator\import\keil\pk51\9.51\C51\BIN\c51.exe 
                    -.\Generated_Source\PSoC3\P0_0.c NOIV LARGE MODDP2 OMF2 VB(1) NOIP INCDIR(.,.\Generated_Source\PSoC3) FF(3) DB WL(2) PR(.
                    -\DP8051_Keil_951\Debug/P0_0.lst) OT(0) OJ(.\DP8051_Keil_951\Debug\P0_0.obj)

line level    source

   1          /*******************************************************************************
   2          * File Name: P0_0.c  
   3          * Version 2.10
   4          *
   5          * Description:
   6          *  This file contains API to enable firmware control of a Pins component.
   7          *
   8          * Note:
   9          *
  10          ********************************************************************************
  11          * Copyright 2008-2014, Cypress Semiconductor Corporation.  All rights reserved.
  12          * You may use this file only in accordance with the license, terms, conditions, 
  13          * disclaimers, and limitations in the end user license agreement accompanying 
  14          * the software package with which this file was provided.
  15          *******************************************************************************/
  16          
  17          #include "cytypes.h"
  18          #include "P0_0.h"
  19          
  20          
  21          /*******************************************************************************
  22          * Function Name: P0_0_Write
  23          ********************************************************************************
  24          *
  25          * Summary:
  26          *  Assign a new value to the digital port's data output register.  
  27          *
  28          * Parameters:  
  29          *  prtValue:  The value to be assigned to the Digital Port. 
  30          *
  31          * Return: 
  32          *  None 
  33          *  
  34          *******************************************************************************/
  35          void P0_0_Write(uint8 value) 
  36          {
  37   1          uint8 staticBits = (P0_0_DR & (uint8)(~P0_0_MASK));
  38   1          P0_0_DR = staticBits | ((uint8)(value << P0_0_SHIFT) & P0_0_MASK);
  39   1      }
  40          
  41          
  42          /*******************************************************************************
  43          * Function Name: P0_0_SetDriveMode
  44          ********************************************************************************
  45          *
  46          * Summary:
  47          *  Change the drive mode on the pins of the port.
  48          * 
  49          * Parameters:  
  50          *  mode:  Change the pins to one of the following drive modes.
  51          *
  52          *  P0_0_DM_STRONG     Strong Drive 
  53          *  P0_0_DM_OD_HI      Open Drain, Drives High 
C51 COMPILER V9.51   P0_0                                                                  09/27/2016 06:28:44 PAGE 2   

  54          *  P0_0_DM_OD_LO      Open Drain, Drives Low 
  55          *  P0_0_DM_RES_UP     Resistive Pull Up 
  56          *  P0_0_DM_RES_DWN    Resistive Pull Down 
  57          *  P0_0_DM_RES_UPDWN  Resistive Pull Up/Down 
  58          *  P0_0_DM_DIG_HIZ    High Impedance Digital 
  59          *  P0_0_DM_ALG_HIZ    High Impedance Analog 
  60          *
  61          * Return: 
  62          *  None
  63          *
  64          *******************************************************************************/
  65          void P0_0_SetDriveMode(uint8 mode) 
  66          {
  67   1              CyPins_SetPinDriveMode(P0_0_0, mode);
  68   1      }
  69          
  70          
  71          /*******************************************************************************
  72          * Function Name: P0_0_Read
  73          ********************************************************************************
  74          *
  75          * Summary:
  76          *  Read the current value on the pins of the Digital Port in right justified 
  77          *  form.
  78          *
  79          * Parameters:  
  80          *  None 
  81          *
  82          * Return: 
  83          *  Returns the current value of the Digital Port as a right justified number
  84          *  
  85          * Note:
  86          *  Macro P0_0_ReadPS calls this function. 
  87          *  
  88          *******************************************************************************/
  89          uint8 P0_0_Read(void) 
  90          {
  91   1          return (P0_0_PS & P0_0_MASK) >> P0_0_SHIFT;
  92   1      }
  93          
  94          
  95          /*******************************************************************************
  96          * Function Name: P0_0_ReadDataReg
  97          ********************************************************************************
  98          *
  99          * Summary:
 100          *  Read the current value assigned to a Digital Port's data output register
 101          *
 102          * Parameters:  
 103          *  None 
 104          *
 105          * Return: 
 106          *  Returns the current value assigned to the Digital Port's data output register
 107          *  
 108          *******************************************************************************/
 109          uint8 P0_0_ReadDataReg(void) 
 110          {
 111   1          return (P0_0_DR & P0_0_MASK) >> P0_0_SHIFT;
 112   1      }
 113          
 114          
 115          /* If Interrupts Are Enabled for this Pins component */ 
C51 COMPILER V9.51   P0_0                                                                  09/27/2016 06:28:44 PAGE 3   

 116          #if defined(P0_0_INTSTAT) 
              
                  /*******************************************************************************
                  * Function Name: P0_0_ClearInterrupt
                  ********************************************************************************
                  *
                  * Summary:
                  *  Clears any active interrupts attached to port and returns the value of the 
                  *  interrupt status register.
                  *
                  * Parameters:  
                  *  None 
                  *
                  * Return: 
                  *  Returns the value of the interrupt status register
                  *  
                  *******************************************************************************/
                  uint8 P0_0_ClearInterrupt(void) 
                  {
                      return (P0_0_INTSTAT & P0_0_MASK) >> P0_0_SHIFT;
                  }
              
              #endif /* If Interrupts Are Enabled for this Pins component */ 
 139          
 140          
 141          /* [] END OF FILE */


MODULE INFORMATION:   STATIC OVERLAYABLE
   CODE SIZE        =     98    ----
   CONSTANT SIZE    =   ----    ----
   XDATA SIZE       =      3    ----
   PDATA SIZE       =   ----    ----
   DATA SIZE        =   ----    ----
   IDATA SIZE       =   ----    ----
   BIT SIZE         =   ----    ----
   EDATA SIZE       =   ----    ----
   HDATA SIZE       =   ----    ----
   XDATA CONST SIZE =   ----    ----
   FAR CONST SIZE   =   ----    ----
END OF MODULE INFORMATION.


C51 COMPILATION COMPLETE.  0 WARNING(S),  0 ERROR(S)
