C51 COMPILER V9.51   PWM                                                                   09/27/2016 06:28:44 PAGE 1   


C51 COMPILER V9.51, COMPILATION OF MODULE PWM
OBJECT MODULE PLACED IN .\DP8051_Keil_951\Debug\PWM.obj
COMPILER INVOKED BY: C:\Program Files (x86)\Cypress\PSoC Creator\3.1\PSoC Creator\import\keil\pk51\9.51\C51\BIN\c51.exe 
                    -.\Generated_Source\PSoC3\PWM.c NOIV LARGE MODDP2 OMF2 VB(1) NOIP INCDIR(.,.\Generated_Source\PSoC3) FF(3) DB WL(2) PR(.\
                    -DP8051_Keil_951\Debug/PWM.lst) OT(0) OJ(.\DP8051_Keil_951\Debug\PWM.obj)

line level    source

   1          /*******************************************************************************
   2          * File Name: PWM.c
   3          * Version 3.30
   4          *
   5          * Description:
   6          *  The PWM User Module consist of an 8 or 16-bit counter with two 8 or 16-bit
   7          *  comparitors. Each instance of this user module is capable of generating
   8          *  two PWM outputs with the same period. The pulse width is selectable between
   9          *  1 and 255/65535. The period is selectable between 2 and 255/65536 clocks.
  10          *  The compare value output may be configured to be active when the present
  11          *  counter is less than or less than/equal to the compare value.
  12          *  A terminal count output is also provided. It generates a pulse one clock
  13          *  width wide when the counter is equal to zero.
  14          *
  15          * Note:
  16          *
  17          *******************************************************************************
  18          * Copyright 2008-2014, Cypress Semiconductor Corporation.  All rights reserved.
  19          * You may use this file only in accordance with the license, terms, conditions,
  20          * disclaimers, and limitations in the end user license agreement accompanying
  21          * the software package with which this file was provided.
  22          ********************************************************************************/
  23          
  24          #include "PWM.h"
  25          
  26          /* Error message for removed <resource> through optimization */
  27          #ifdef PWM_PWMUDB_genblk1_ctrlreg__REMOVED
                  #error PWM_v3_30 detected with a constant 0 for the enable or \
                       constant 1 for reset. This will prevent the component from operating.
              #endif /* PWM_PWMUDB_genblk1_ctrlreg__REMOVED */
  31          
  32          uint8 PWM_initVar = 0u;
  33          
  34          
  35          /*******************************************************************************
  36          * Function Name: PWM_Start
  37          ********************************************************************************
  38          *
  39          * Summary:
  40          *  The start function initializes the pwm with the default values, the
  41          *  enables the counter to begin counting.  It does not enable interrupts,
  42          *  the EnableInt command should be called if interrupt generation is required.
  43          *
  44          * Parameters:
  45          *  None
  46          *
  47          * Return:
  48          *  None
  49          *
  50          * Global variables:
  51          *  PWM_initVar: Is modified when this function is called for the
  52          *   first time. Is used to ensure that initialization happens only once.
  53          *
C51 COMPILER V9.51   PWM                                                                   09/27/2016 06:28:44 PAGE 2   

  54          *******************************************************************************/
  55          void PWM_Start(void) 
  56          {
  57   1          /* If not Initialized then initialize all required hardware and software */
  58   1          if(PWM_initVar == 0u)
  59   1          {
  60   2              PWM_Init();
  61   2              PWM_initVar = 1u;
  62   2          }
  63   1          PWM_Enable();
  64   1      
  65   1      }
  66          
  67          
  68          /*******************************************************************************
  69          * Function Name: PWM_Init
  70          ********************************************************************************
  71          *
  72          * Summary:
  73          *  Initialize component's parameters to the parameters set by user in the
  74          *  customizer of the component placed onto schematic. Usually called in
  75          *  PWM_Start().
  76          *
  77          * Parameters:
  78          *  None
  79          *
  80          * Return:
  81          *  None
  82          *
  83          *******************************************************************************/
  84          void PWM_Init(void) 
  85          {
  86   1          #if (PWM_UsingFixedFunction || PWM_UseControl)
  87   1              uint8 ctrl;
  88   1          #endif /* (PWM_UsingFixedFunction || PWM_UseControl) */
  89   1      
  90   1          #if(!PWM_UsingFixedFunction)
                      #if(PWM_UseStatus)
                          /* Interrupt State Backup for Critical Region*/
                          uint8 PWM_interruptState;
                      #endif /* (PWM_UseStatus) */
                  #endif /* (!PWM_UsingFixedFunction) */
  96   1      
  97   1          #if (PWM_UsingFixedFunction)
  98   1              /* You are allowed to write the compare value (FF only) */
  99   1              PWM_CONTROL |= PWM_CFG0_MODE;
 100   1              #if (PWM_DeadBand2_4)
                          PWM_CONTROL |= PWM_CFG0_DB;
                      #endif /* (PWM_DeadBand2_4) */
 103   1      
 104   1              ctrl = PWM_CONTROL3 & ((uint8 )(~PWM_CTRL_CMPMODE1_MASK));
 105   1              PWM_CONTROL3 = ctrl | PWM_DEFAULT_COMPARE1_MODE;
 106   1      
 107   1               /* Clear and Set SYNCTC and SYNCCMP bits of RT1 register */
 108   1              PWM_RT1 &= ((uint8)(~PWM_RT1_MASK));
 109   1              PWM_RT1 |= PWM_SYNC;
 110   1      
 111   1              /*Enable DSI Sync all all inputs of the PWM*/
 112   1              PWM_RT1 &= ((uint8)(~PWM_SYNCDSI_MASK));
 113   1              PWM_RT1 |= PWM_SYNCDSI_EN;
 114   1      
 115   1          #elif (PWM_UseControl)
C51 COMPILER V9.51   PWM                                                                   09/27/2016 06:28:44 PAGE 3   

                      /* Set the default compare mode defined in the parameter */
                      ctrl = PWM_CONTROL & ((uint8)(~PWM_CTRL_CMPMODE2_MASK)) &
                              ((uint8)(~PWM_CTRL_CMPMODE1_MASK));
                      PWM_CONTROL = ctrl | PWM_DEFAULT_COMPARE2_MODE |
                                                 PWM_DEFAULT_COMPARE1_MODE;
                  #endif /* (PWM_UsingFixedFunction) */
 122   1      
 123   1          #if (!PWM_UsingFixedFunction)
                      #if (PWM_Resolution == 8)
                          /* Set FIFO 0 to 1 byte register for period*/
                          PWM_AUX_CONTROLDP0 |= (PWM_AUX_CTRL_FIFO0_CLR);
                      #else /* (PWM_Resolution == 16)*/
                          /* Set FIFO 0 to 1 byte register for period */
                          PWM_AUX_CONTROLDP0 |= (PWM_AUX_CTRL_FIFO0_CLR);
                          PWM_AUX_CONTROLDP1 |= (PWM_AUX_CTRL_FIFO0_CLR);
                      #endif /* (PWM_Resolution == 8) */
              
                      PWM_WriteCounter(PWM_INIT_PERIOD_VALUE);
                  #endif /* (!PWM_UsingFixedFunction) */
 135   1      
 136   1          PWM_WritePeriod(PWM_INIT_PERIOD_VALUE);
 137   1      
 138   1              #if (PWM_UseOneCompareMode)
 139   1                  PWM_WriteCompare(PWM_INIT_COMPARE_VALUE1);
 140   1              #else
                          PWM_WriteCompare1(PWM_INIT_COMPARE_VALUE1);
                          PWM_WriteCompare2(PWM_INIT_COMPARE_VALUE2);
                      #endif /* (PWM_UseOneCompareMode) */
 144   1      
 145   1              #if (PWM_KillModeMinTime)
                          PWM_WriteKillTime(PWM_MinimumKillTime);
                      #endif /* (PWM_KillModeMinTime) */
 148   1      
 149   1              #if (PWM_DeadBandUsed)
                          PWM_WriteDeadTime(PWM_INIT_DEAD_TIME);
                      #endif /* (PWM_DeadBandUsed) */
 152   1      
 153   1          #if (PWM_UseStatus || PWM_UsingFixedFunction)
 154   1              PWM_SetInterruptMode(PWM_INIT_INTERRUPTS_MODE);
 155   1          #endif /* (PWM_UseStatus || PWM_UsingFixedFunction) */
 156   1      
 157   1          #if (PWM_UsingFixedFunction)
 158   1              /* Globally Enable the Fixed Function Block chosen */
 159   1              PWM_GLOBAL_ENABLE |= PWM_BLOCK_EN_MASK;
 160   1              /* Set the Interrupt source to come from the status register */
 161   1              PWM_CONTROL2 |= PWM_CTRL2_IRQ_SEL;
 162   1          #else
                      #if(PWM_UseStatus)
              
                          /* CyEnterCriticalRegion and CyExitCriticalRegion are used to mark following region critical*/
                          /* Enter Critical Region*/
                          PWM_interruptState = CyEnterCriticalSection();
                          /* Use the interrupt output of the status register for IRQ output */
                          PWM_STATUS_AUX_CTRL |= PWM_STATUS_ACTL_INT_EN_MASK;
              
                           /* Exit Critical Region*/
                          CyExitCriticalSection(PWM_interruptState);
              
                          /* Clear the FIFO to enable the PWM_STATUS_FIFOFULL
                                 bit to be set on FIFO full. */
                          PWM_ClearFIFO();
                      #endif /* (PWM_UseStatus) */
C51 COMPILER V9.51   PWM                                                                   09/27/2016 06:28:44 PAGE 4   

                  #endif /* (PWM_UsingFixedFunction) */
 179   1      }
 180          
 181          
 182          /*******************************************************************************
 183          * Function Name: PWM_Enable
 184          ********************************************************************************
 185          *
 186          * Summary:
 187          *  Enables the PWM block operation
 188          *
 189          * Parameters:
 190          *  None
 191          *
 192          * Return:
 193          *  None
 194          *
 195          * Side Effects:
 196          *  This works only if software enable mode is chosen
 197          *
 198          *******************************************************************************/
 199          void PWM_Enable(void) 
 200          {
 201   1          /* Globally Enable the Fixed Function Block chosen */
 202   1          #if (PWM_UsingFixedFunction)
 203   1              PWM_GLOBAL_ENABLE |= PWM_BLOCK_EN_MASK;
 204   1              PWM_GLOBAL_STBY_ENABLE |= PWM_BLOCK_STBY_EN_MASK;
 205   1          #endif /* (PWM_UsingFixedFunction) */
 206   1      
 207   1          /* Enable the PWM from the control register  */
 208   1          #if (PWM_UseControl || PWM_UsingFixedFunction)
 209   1              PWM_CONTROL |= PWM_CTRL_ENABLE;
 210   1          #endif /* (PWM_UseControl || PWM_UsingFixedFunction) */
 211   1      }
 212          
 213          
 214          /*******************************************************************************
 215          * Function Name: PWM_Stop
 216          ********************************************************************************
 217          *
 218          * Summary:
 219          *  The stop function halts the PWM, but does not change any modes or disable
 220          *  interrupts.
 221          *
 222          * Parameters:
 223          *  None
 224          *
 225          * Return:
 226          *  None
 227          *
 228          * Side Effects:
 229          *  If the Enable mode is set to Hardware only then this function
 230          *  has no effect on the operation of the PWM
 231          *
 232          *******************************************************************************/
 233          void PWM_Stop(void) 
 234          {
 235   1          #if (PWM_UseControl || PWM_UsingFixedFunction)
 236   1              PWM_CONTROL &= ((uint8)(~PWM_CTRL_ENABLE));
 237   1          #endif /* (PWM_UseControl || PWM_UsingFixedFunction) */
 238   1      
 239   1          /* Globally disable the Fixed Function Block chosen */
C51 COMPILER V9.51   PWM                                                                   09/27/2016 06:28:44 PAGE 5   

 240   1          #if (PWM_UsingFixedFunction)
 241   1              PWM_GLOBAL_ENABLE &= ((uint8)(~PWM_BLOCK_EN_MASK));
 242   1              PWM_GLOBAL_STBY_ENABLE &= ((uint8)(~PWM_BLOCK_STBY_EN_MASK));
 243   1          #endif /* (PWM_UsingFixedFunction) */
 244   1      }
 245          
 246          #if (PWM_UseOneCompareMode)
 247              #if (PWM_CompareMode1SW)
              
              
                      /*******************************************************************************
                      * Function Name: PWM_SetCompareMode
                      ********************************************************************************
                      *
                      * Summary:
                      *  This function writes the Compare Mode for the pwm output when in Dither mode,
                      *  Center Align Mode or One Output Mode.
                      *
                      * Parameters:
                      *  comparemode:  The new compare mode for the PWM output. Use the compare types
                      *                defined in the H file as input arguments.
                      *
                      * Return:
                      *  None
                      *
                      *******************************************************************************/
                      void PWM_SetCompareMode(uint8 comparemode) 
                      {
                          #if(PWM_UsingFixedFunction)
              
                              #if(0 != PWM_CTRL_CMPMODE1_SHIFT)
                                  uint8 comparemodemasked = ((uint8)((uint8)comparemode << PWM_CTRL_CMPMODE1_SHIFT));
                              #else
                                  uint8 comparemodemasked = comparemode;
                              #endif /* (0 != PWM_CTRL_CMPMODE1_SHIFT) */
              
                              PWM_CONTROL3 &= ((uint8)(~PWM_CTRL_CMPMODE1_MASK)); /*Clear Existing Data */
                              PWM_CONTROL3 |= comparemodemasked;
              
                          #elif (PWM_UseControl)
              
                              #if(0 != PWM_CTRL_CMPMODE1_SHIFT)
                                  uint8 comparemode1masked = ((uint8)((uint8)comparemode << PWM_CTRL_CMPMODE1_SHIFT)) &
                                                              PWM_CTRL_CMPMODE1_MASK;
                              #else
                                  uint8 comparemode1masked = comparemode & PWM_CTRL_CMPMODE1_MASK;
                              #endif /* (0 != PWM_CTRL_CMPMODE1_SHIFT) */
              
                              #if(0 != PWM_CTRL_CMPMODE2_SHIFT)
                                  uint8 comparemode2masked = ((uint8)((uint8)comparemode << PWM_CTRL_CMPMODE2_SHIFT)) &
                                                             PWM_CTRL_CMPMODE2_MASK;
                              #else
                                  uint8 comparemode2masked = comparemode & PWM_CTRL_CMPMODE2_MASK;
                              #endif /* (0 != PWM_CTRL_CMPMODE2_SHIFT) */
              
                              /*Clear existing mode */
                              PWM_CONTROL &= ((uint8)(~(PWM_CTRL_CMPMODE1_MASK |
                                                          PWM_CTRL_CMPMODE2_MASK)));
                              PWM_CONTROL |= (comparemode1masked | comparemode2masked);
              
                          #else
                              uint8 temp = comparemode;
C51 COMPILER V9.51   PWM                                                                   09/27/2016 06:28:44 PAGE 6   

                          #endif /* (PWM_UsingFixedFunction) */
                      }
                  #endif /* PWM_CompareMode1SW */
 305          
 306          #else /* UseOneCompareMode */
              
                  #if (PWM_CompareMode1SW)
              
              
                      /*******************************************************************************
                      * Function Name: PWM_SetCompareMode1
                      ********************************************************************************
                      *
                      * Summary:
                      *  This function writes the Compare Mode for the pwm or pwm1 output
                      *
                      * Parameters:
                      *  comparemode:  The new compare mode for the PWM output. Use the compare types
                      *                defined in the H file as input arguments.
                      *
                      * Return:
                      *  None
                      *
                      *******************************************************************************/
                      void PWM_SetCompareMode1(uint8 comparemode) 
                      {
                          #if(0 != PWM_CTRL_CMPMODE1_SHIFT)
                              uint8 comparemodemasked = ((uint8)((uint8)comparemode << PWM_CTRL_CMPMODE1_SHIFT)) &
                                                         PWM_CTRL_CMPMODE1_MASK;
                          #else
                              uint8 comparemodemasked = comparemode & PWM_CTRL_CMPMODE1_MASK;
                          #endif /* (0 != PWM_CTRL_CMPMODE1_SHIFT) */
              
                          #if (PWM_UseControl)
                              PWM_CONTROL &= ((uint8)(~PWM_CTRL_CMPMODE1_MASK)); /*Clear existing mode */
                              PWM_CONTROL |= comparemodemasked;
                          #endif /* (PWM_UseControl) */
                      }
                  #endif /* PWM_CompareMode1SW */
              
              #if (PWM_CompareMode2SW)
              
              
                  /*******************************************************************************
                  * Function Name: PWM_SetCompareMode2
                  ********************************************************************************
                  *
                  * Summary:
                  *  This function writes the Compare Mode for the pwm or pwm2 output
                  *
                  * Parameters:
                  *  comparemode:  The new compare mode for the PWM output. Use the compare types
                  *                defined in the H file as input arguments.
                  *
                  * Return:
                  *  None
                  *
                  *******************************************************************************/
                  void PWM_SetCompareMode2(uint8 comparemode) 
                  {
              
                      #if(0 != PWM_CTRL_CMPMODE2_SHIFT)
C51 COMPILER V9.51   PWM                                                                   09/27/2016 06:28:44 PAGE 7   

                          uint8 comparemodemasked = ((uint8)((uint8)comparemode << PWM_CTRL_CMPMODE2_SHIFT)) &
                                                               PWM_CTRL_CMPMODE2_MASK;
                      #else
                          uint8 comparemodemasked = comparemode & PWM_CTRL_CMPMODE2_MASK;
                      #endif /* (0 != PWM_CTRL_CMPMODE2_SHIFT) */
              
                      #if (PWM_UseControl)
                          PWM_CONTROL &= ((uint8)(~PWM_CTRL_CMPMODE2_MASK)); /*Clear existing mode */
                          PWM_CONTROL |= comparemodemasked;
                      #endif /* (PWM_UseControl) */
                  }
                  #endif /*PWM_CompareMode2SW */
              
              #endif /* UseOneCompareMode */
 378          
 379          
 380          #if (!PWM_UsingFixedFunction)
              
              
                  /*******************************************************************************
                  * Function Name: PWM_WriteCounter
                  ********************************************************************************
                  *
                  * Summary:
                  *  Writes a new counter value directly to the counter register. This will be
                  *  implemented for that currently running period and only that period. This API
                  *  is valid only for UDB implementation and not available for fixed function
                  *  PWM implementation.
                  *
                  * Parameters:
                  *  counter:  The period new period counter value.
                  *
                  * Return:
                  *  None
                  *
                  * Side Effects:
                  *  The PWM Period will be reloaded when a counter value will be a zero
                  *
                  *******************************************************************************/
                  void PWM_WriteCounter(uint8 counter) \
                                                     
                  {
                      CY_SET_REG8(PWM_COUNTER_LSB_PTR, counter);
                  }
              
              
                  /*******************************************************************************
                  * Function Name: PWM_ReadCounter
                  ********************************************************************************
                  *
                  * Summary:
                  *  This function returns the current value of the counter.  It doesn't matter
                  *  if the counter is enabled or running.
                  *
                  * Parameters:
                  *  None
                  *
                  * Return:
                  *  The current value of the counter.
                  *
                  *******************************************************************************/
                  uint8 PWM_ReadCounter(void) 
C51 COMPILER V9.51   PWM                                                                   09/27/2016 06:28:44 PAGE 8   

                  {
                      /* Force capture by reading Accumulator */
                      /* Must first do a software capture to be able to read the counter */
                      /* It is up to the user code to make sure there isn't already captured data in the FIFO */
                        (void)CY_GET_REG8(PWM_COUNTERCAP_LSB_PTR_8BIT);
              
                      /* Read the data from the FIFO */
                      return (CY_GET_REG8(PWM_CAPTURE_LSB_PTR));
                  }
              
                  #if (PWM_UseStatus)
              
              
                      /*******************************************************************************
                      * Function Name: PWM_ClearFIFO
                      ********************************************************************************
                      *
                      * Summary:
                      *  This function clears all capture data from the capture FIFO
                      *
                      * Parameters:
                      *  None
                      *
                      * Return:
                      *  None
                      *
                      *******************************************************************************/
                      void PWM_ClearFIFO(void) 
                      {
                          while(0u != (PWM_ReadStatusRegister() & PWM_STATUS_FIFONEMPTY))
                          {
                              (void)PWM_ReadCapture();
                          }
                      }
              
                  #endif /* PWM_UseStatus */
              
              #endif /* !PWM_UsingFixedFunction */
 464          
 465          
 466          /*******************************************************************************
 467          * Function Name: PWM_WritePeriod
 468          ********************************************************************************
 469          *
 470          * Summary:
 471          *  This function is used to change the period of the counter.  The new period
 472          *  will be loaded the next time terminal count is detected.
 473          *
 474          * Parameters:
 475          *  period:  Period value. May be between 1 and (2^Resolution)-1.  A value of 0
 476          *           will result in the counter remaining at zero.
 477          *
 478          * Return:
 479          *  None
 480          *
 481          *******************************************************************************/
 482          void PWM_WritePeriod(uint8 period) 
 483          {
 484   1          #if(PWM_UsingFixedFunction)
 485   1              CY_SET_REG16(PWM_PERIOD_LSB_PTR, (uint16)period);
 486   1          #else
                      CY_SET_REG8(PWM_PERIOD_LSB_PTR, period);
C51 COMPILER V9.51   PWM                                                                   09/27/2016 06:28:44 PAGE 9   

                  #endif /* (PWM_UsingFixedFunction) */
 489   1      }
 490          
 491          #if (PWM_UseOneCompareMode)
 492          
 493          
 494              /*******************************************************************************
 495              * Function Name: PWM_WriteCompare
 496              ********************************************************************************
 497              *
 498              * Summary:
 499              *  This funtion is used to change the compare1 value when the PWM is in Dither
 500              *  mode. The compare output will reflect the new value on the next UDB clock.
 501              *  The compare output will be driven high when the present counter value is
 502              *  compared to the compare value based on the compare mode defined in
 503              *  Dither Mode.
 504              *
 505              * Parameters:
 506              *  compare:  New compare value.
 507              *
 508              * Return:
 509              *  None
 510              *
 511              * Side Effects:
 512              *  This function is only available if the PWM mode parameter is set to
 513              *  Dither Mode, Center Aligned Mode or One Output Mode
 514              *
 515              *******************************************************************************/
 516              void PWM_WriteCompare(uint8 compare) \
 517                                                 
 518              {
 519   1              #if(PWM_UsingFixedFunction)
 520   1                  CY_SET_REG16(PWM_COMPARE1_LSB_PTR, (uint16)compare);
 521   1              #else
                          CY_SET_REG8(PWM_COMPARE1_LSB_PTR, compare);
                      #endif /* (PWM_UsingFixedFunction) */
 524   1      
 525   1              #if (PWM_PWMMode == PWM__B_PWM__DITHER)
                          #if(PWM_UsingFixedFunction)
                              CY_SET_REG16(PWM_COMPARE2_LSB_PTR, (uint16)(compare + 1u));
                          #else
                              CY_SET_REG8(PWM_COMPARE2_LSB_PTR, (compare + 1u));
                          #endif /* (PWM_UsingFixedFunction) */
                      #endif /* (PWM_PWMMode == PWM__B_PWM__DITHER) */
 532   1          }
 533          
 534          
 535          #else
              
              
                  /*******************************************************************************
                  * Function Name: PWM_WriteCompare1
                  ********************************************************************************
                  *
                  * Summary:
                  *  This funtion is used to change the compare1 value.  The compare output will
                  *  reflect the new value on the next UDB clock.  The compare output will be
                  *  driven high when the present counter value is less than or less than or
                  *  equal to the compare register, depending on the mode.
                  *
                  * Parameters:
                  *  compare:  New compare value.
C51 COMPILER V9.51   PWM                                                                   09/27/2016 06:28:44 PAGE 10  

                  *
                  * Return:
                  *  None
                  *
                  *******************************************************************************/
                  void PWM_WriteCompare1(uint8 compare) \
                                                      
                  {
                      #if(PWM_UsingFixedFunction)
                          CY_SET_REG16(PWM_COMPARE1_LSB_PTR, (uint16)compare);
                      #else
                          CY_SET_REG8(PWM_COMPARE1_LSB_PTR, compare);
                      #endif /* (PWM_UsingFixedFunction) */
                  }
              
              
                  /*******************************************************************************
                  * Function Name: PWM_WriteCompare2
                  ********************************************************************************
                  *
                  * Summary:
                  *  This funtion is used to change the compare value, for compare1 output.
                  *  The compare output will reflect the new value on the next UDB clock.
                  *  The compare output will be driven high when the present counter value is
                  *  less than or less than or equal to the compare register, depending on the
                  *  mode.
                  *
                  * Parameters:
                  *  compare:  New compare value.
                  *
                  * Return:
                  *  None
                  *
                  *******************************************************************************/
                  void PWM_WriteCompare2(uint8 compare) \
                                                      
                  {
                      #if(PWM_UsingFixedFunction)
                          CY_SET_REG16(PWM_COMPARE2_LSB_PTR, compare);
                      #else
                          CY_SET_REG8(PWM_COMPARE2_LSB_PTR, compare);
                      #endif /* (PWM_UsingFixedFunction) */
                  }
              #endif /* UseOneCompareMode */
 594          
 595          #if (PWM_DeadBandUsed)
              
              
                  /*******************************************************************************
                  * Function Name: PWM_WriteDeadTime
                  ********************************************************************************
                  *
                  * Summary:
                  *  This function writes the dead-band counts to the corresponding register
                  *
                  * Parameters:
                  *  deadtime:  Number of counts for dead time
                  *
                  * Return:
                  *  None
                  *
                  *******************************************************************************/
C51 COMPILER V9.51   PWM                                                                   09/27/2016 06:28:44 PAGE 11  

                  void PWM_WriteDeadTime(uint8 deadtime) 
                  {
                      /* If using the Dead Band 1-255 mode then just write the register */
                      #if(!PWM_DeadBand2_4)
                          CY_SET_REG8(PWM_DEADBAND_COUNT_PTR, deadtime);
                      #else
                          /* Otherwise the data has to be masked and offset */
                          /* Clear existing data */
                          PWM_DEADBAND_COUNT &= ((uint8)(~PWM_DEADBAND_COUNT_MASK));
              
                          /* Set new dead time */
                          #if(PWM_DEADBAND_COUNT_SHIFT)
                              PWM_DEADBAND_COUNT |= ((uint8)((uint8)deadtime << PWM_DEADBAND_COUNT_SHIFT)) &
                                                                  PWM_DEADBAND_COUNT_MASK;
                          #else
                              PWM_DEADBAND_COUNT |= deadtime & PWM_DEADBAND_COUNT_MASK;
                          #endif /* (PWM_DEADBAND_COUNT_SHIFT) */
              
                      #endif /* (!PWM_DeadBand2_4) */
                  }
              
              
                  /*******************************************************************************
                  * Function Name: PWM_ReadDeadTime
                  ********************************************************************************
                  *
                  * Summary:
                  *  This function reads the dead-band counts from the corresponding register
                  *
                  * Parameters:
                  *  None
                  *
                  * Return:
                  *  Dead Band Counts
                  *
                  *******************************************************************************/
                  uint8 PWM_ReadDeadTime(void) 
                  {
                      /* If using the Dead Band 1-255 mode then just read the register */
                      #if(!PWM_DeadBand2_4)
                          return (CY_GET_REG8(PWM_DEADBAND_COUNT_PTR));
                      #else
              
                          /* Otherwise the data has to be masked and offset */
                          #if(PWM_DEADBAND_COUNT_SHIFT)
                              return ((uint8)(((uint8)(PWM_DEADBAND_COUNT & PWM_DEADBAND_COUNT_MASK)) >>
                                                                                         PWM_DEADBAND_COUNT_SHIFT));
                          #else
                              return (PWM_DEADBAND_COUNT & PWM_DEADBAND_COUNT_MASK);
                          #endif /* (PWM_DEADBAND_COUNT_SHIFT) */
                      #endif /* (!PWM_DeadBand2_4) */
                  }
              #endif /* DeadBandUsed */
 665          
 666          #if (PWM_UseStatus || PWM_UsingFixedFunction)
 667          
 668          
 669              /*******************************************************************************
 670              * Function Name: PWM_SetInterruptMode
 671              ********************************************************************************
 672              *
 673              * Summary:
C51 COMPILER V9.51   PWM                                                                   09/27/2016 06:28:44 PAGE 12  

 674              *  This function configures the interrupts mask control of theinterrupt
 675              *  source status register.
 676              *
 677              * Parameters:
 678              *  uint8 interruptMode: Bit field containing the interrupt sources enabled
 679              *
 680              * Return:
 681              *  None
 682              *
 683              *******************************************************************************/
 684              void PWM_SetInterruptMode(uint8 interruptMode) 
 685              {
 686   1              CY_SET_REG8(PWM_STATUS_MASK_PTR, interruptMode);
 687   1          }
 688          
 689          
 690              /*******************************************************************************
 691              * Function Name: PWM_ReadStatusRegister
 692              ********************************************************************************
 693              *
 694              * Summary:
 695              *  This function returns the current state of the status register.
 696              *
 697              * Parameters:
 698              *  None
 699              *
 700              * Return:
 701              *  uint8 : Current status register value. The status register bits are:
 702              *  [7:6] : Unused(0)
 703              *  [5]   : Kill event output
 704              *  [4]   : FIFO not empty
 705              *  [3]   : FIFO full
 706              *  [2]   : Terminal count
 707              *  [1]   : Compare output 2
 708              *  [0]   : Compare output 1
 709              *
 710              *******************************************************************************/
 711              uint8 PWM_ReadStatusRegister(void) 
 712              {
 713   1              return (CY_GET_REG8(PWM_STATUS_PTR));
 714   1          }
 715          
 716          #endif /* (PWM_UseStatus || PWM_UsingFixedFunction) */
 717          
 718          
 719          #if (PWM_UseControl)
 720          
 721          
 722              /*******************************************************************************
 723              * Function Name: PWM_ReadControlRegister
 724              ********************************************************************************
 725              *
 726              * Summary:
 727              *  Returns the current state of the control register. This API is available
 728              *  only if the control register is not removed.
 729              *
 730              * Parameters:
 731              *  None
 732              *
 733              * Return:
 734              *  uint8 : Current control register value
 735              *
C51 COMPILER V9.51   PWM                                                                   09/27/2016 06:28:44 PAGE 13  

 736              *******************************************************************************/
 737              uint8 PWM_ReadControlRegister(void) 
 738              {
 739   1              uint8 result;
 740   1      
 741   1              result = CY_GET_REG8(PWM_CONTROL_PTR);
 742   1              return (result);
 743   1          }
 744          
 745          
 746              /*******************************************************************************
 747              * Function Name: PWM_WriteControlRegister
 748              ********************************************************************************
 749              *
 750              * Summary:
 751              *  Sets the bit field of the control register. This API is available only if
 752              *  the control register is not removed.
 753              *
 754              * Parameters:
 755              *  uint8 control: Control register bit field, The status register bits are:
 756              *  [7]   : PWM Enable
 757              *  [6]   : Reset
 758              *  [5:3] : Compare Mode2
 759              *  [2:0] : Compare Mode2
 760              *
 761              * Return:
 762              *  None
 763              *
 764              *******************************************************************************/
 765              void PWM_WriteControlRegister(uint8 control) 
 766              {
 767   1              CY_SET_REG8(PWM_CONTROL_PTR, control);
 768   1          }
 769          
 770          #endif /* (PWM_UseControl) */
 771          
 772          
 773          #if (!PWM_UsingFixedFunction)
              
              
                  /*******************************************************************************
                  * Function Name: PWM_ReadCapture
                  ********************************************************************************
                  *
                  * Summary:
                  *  Reads the capture value from the capture FIFO.
                  *
                  * Parameters:
                  *  None
                  *
                  * Return:
                  *  uint8/uint16: The current capture value
                  *
                  *******************************************************************************/
                  uint8 PWM_ReadCapture(void) 
                  {
                      return (CY_GET_REG8(PWM_CAPTURE_LSB_PTR));
                  }
              
              #endif /* (!PWM_UsingFixedFunction) */
 796          
 797          
C51 COMPILER V9.51   PWM                                                                   09/27/2016 06:28:44 PAGE 14  

 798          #if (PWM_UseOneCompareMode)
 799          
 800          
 801              /*******************************************************************************
 802              * Function Name: PWM_ReadCompare
 803              ********************************************************************************
 804              *
 805              * Summary:
 806              *  Reads the compare value for the compare output when the PWM Mode parameter is
 807              *  set to Dither mode, Center Aligned mode, or One Output mode.
 808              *
 809              * Parameters:
 810              *  None
 811              *
 812              * Return:
 813              *  uint8/uint16: Current compare value
 814              *
 815              *******************************************************************************/
 816              uint8 PWM_ReadCompare(void) 
 817              {
 818   1              #if(PWM_UsingFixedFunction)
 819   1                  return ((uint8)CY_GET_REG16(PWM_COMPARE1_LSB_PTR));
 820   1              #else
                          return (CY_GET_REG8(PWM_COMPARE1_LSB_PTR));
                      #endif /* (PWM_UsingFixedFunction) */
 823   1          }
 824          
 825          #else
              
              
                  /*******************************************************************************
                  * Function Name: PWM_ReadCompare1
                  ********************************************************************************
                  *
                  * Summary:
                  *  Reads the compare value for the compare1 output.
                  *
                  * Parameters:
                  *  None
                  *
                  * Return:
                  *  uint8/uint16: Current compare value.
                  *
                  *******************************************************************************/
                  uint8 PWM_ReadCompare1(void) 
                  {
                      return (CY_GET_REG8(PWM_COMPARE1_LSB_PTR));
                  }
              
              
                  /*******************************************************************************
                  * Function Name: PWM_ReadCompare2
                  ********************************************************************************
                  *
                  * Summary:
                  *  Reads the compare value for the compare2 output.
                  *
                  * Parameters:
                  *  None
                  *
                  * Return:
                  *  uint8/uint16: Current compare value.
C51 COMPILER V9.51   PWM                                                                   09/27/2016 06:28:44 PAGE 15  

                  *
                  *******************************************************************************/
                  uint8 PWM_ReadCompare2(void) 
                  {
                      return (CY_GET_REG8(PWM_COMPARE2_LSB_PTR));
                  }
              
              #endif /* (PWM_UseOneCompareMode) */
 868          
 869          
 870          /*******************************************************************************
 871          * Function Name: PWM_ReadPeriod
 872          ********************************************************************************
 873          *
 874          * Summary:
 875          *  Reads the period value used by the PWM hardware.
 876          *
 877          * Parameters:
 878          *  None
 879          *
 880          * Return:
 881          *  uint8/16: Period value
 882          *
 883          *******************************************************************************/
 884          uint8 PWM_ReadPeriod(void) 
 885          {
 886   1          #if(PWM_UsingFixedFunction)
 887   1              return ((uint8)CY_GET_REG16(PWM_PERIOD_LSB_PTR));
 888   1          #else
                      return (CY_GET_REG8(PWM_PERIOD_LSB_PTR));
                  #endif /* (PWM_UsingFixedFunction) */
 891   1      }
 892          
 893          #if ( PWM_KillModeMinTime)
              
              
                  /*******************************************************************************
                  * Function Name: PWM_WriteKillTime
                  ********************************************************************************
                  *
                  * Summary:
                  *  Writes the kill time value used by the hardware when the Kill Mode
                  *  is set to Minimum Time.
                  *
                  * Parameters:
                  *  uint8: Minimum Time kill counts
                  *
                  * Return:
                  *  None
                  *
                  *******************************************************************************/
                  void PWM_WriteKillTime(uint8 killtime) 
                  {
                      CY_SET_REG8(PWM_KILLMODEMINTIME_PTR, killtime);
                  }
              
              
                  /*******************************************************************************
                  * Function Name: PWM_ReadKillTime
                  ********************************************************************************
                  *
                  * Summary:
C51 COMPILER V9.51   PWM                                                                   09/27/2016 06:28:44 PAGE 16  

                  *  Reads the kill time value used by the hardware when the Kill Mode is set
                  *  to Minimum Time.
                  *
                  * Parameters:
                  *  None
                  *
                  * Return:
                  *  uint8: The current Minimum Time kill counts
                  *
                  *******************************************************************************/
                  uint8 PWM_ReadKillTime(void) 
                  {
                      return (CY_GET_REG8(PWM_KILLMODEMINTIME_PTR));
                  }
              
              #endif /* ( PWM_KillModeMinTime) */
 938          
 939          /* [] END OF FILE */


MODULE INFORMATION:   STATIC OVERLAYABLE
   CODE SIZE        =    332    ----
   CONSTANT SIZE    =   ----    ----
   XDATA SIZE       =      7    ----
   PDATA SIZE       =   ----    ----
   DATA SIZE        =   ----    ----
   IDATA SIZE       =   ----    ----
   BIT SIZE         =   ----    ----
   EDATA SIZE       =   ----    ----
   HDATA SIZE       =   ----    ----
   XDATA CONST SIZE =   ----    ----
   FAR CONST SIZE   =   ----    ----
END OF MODULE INFORMATION.


C51 COMPILATION COMPLETE.  0 WARNING(S),  0 ERROR(S)
