C51 COMPILER V9.51   PWM_PM                                                                09/27/2016 06:28:44 PAGE 1   


C51 COMPILER V9.51, COMPILATION OF MODULE PWM_PM
OBJECT MODULE PLACED IN .\DP8051_Keil_951\Debug\PWM_PM.obj
COMPILER INVOKED BY: C:\Program Files (x86)\Cypress\PSoC Creator\3.1\PSoC Creator\import\keil\pk51\9.51\C51\BIN\c51.exe 
                    -.\Generated_Source\PSoC3\PWM_PM.c NOIV LARGE MODDP2 OMF2 VB(1) NOIP INCDIR(.,.\Generated_Source\PSoC3) FF(3) DB WL(2) PR
                    -(.\DP8051_Keil_951\Debug/PWM_PM.lst) OT(0) OJ(.\DP8051_Keil_951\Debug\PWM_PM.obj)

line level    source

   1          /*******************************************************************************
   2          * File Name: PWM_PM.c
   3          * Version 3.30
   4          *
   5          * Description:
   6          *  This file provides the power management source code to API for the
   7          *  PWM.
   8          *
   9          * Note:
  10          *
  11          ********************************************************************************
  12          * Copyright 2008-2014, Cypress Semiconductor Corporation.  All rights reserved.
  13          * You may use this file only in accordance with the license, terms, conditions,
  14          * disclaimers, and limitations in the end user license agreement accompanying
  15          * the software package with which this file was provided.
  16          *******************************************************************************/
  17          
  18          #include "PWM.h"
  19          
  20          static PWM_backupStruct PWM_backup;
  21          
  22          
  23          /*******************************************************************************
  24          * Function Name: PWM_SaveConfig
  25          ********************************************************************************
  26          *
  27          * Summary:
  28          *  Saves the current user configuration of the component.
  29          *
  30          * Parameters:
  31          *  None
  32          *
  33          * Return:
  34          *  None
  35          *
  36          * Global variables:
  37          *  PWM_backup:  Variables of this global structure are modified to
  38          *  store the values of non retention configuration registers when Sleep() API is
  39          *  called.
  40          *
  41          *******************************************************************************/
  42          void PWM_SaveConfig(void) 
  43          {
  44   1      
  45   1          #if(!PWM_UsingFixedFunction)
                      #if(!PWM_PWMModeIsCenterAligned)
                          PWM_backup.PWMPeriod = PWM_ReadPeriod();
                      #endif /* (!PWM_PWMModeIsCenterAligned) */
                      PWM_backup.PWMUdb = PWM_ReadCounter();
                      #if (PWM_UseStatus)
                          PWM_backup.InterruptMaskValue = PWM_STATUS_MASK;
                      #endif /* (PWM_UseStatus) */
              
C51 COMPILER V9.51   PWM_PM                                                                09/27/2016 06:28:44 PAGE 2   

                      #if(PWM_DeadBandMode == PWM__B_PWM__DBM_256_CLOCKS || \
                          PWM_DeadBandMode == PWM__B_PWM__DBM_2_4_CLOCKS)
                          PWM_backup.PWMdeadBandValue = PWM_ReadDeadTime();
                      #endif /*  deadband count is either 2-4 clocks or 256 clocks */
              
                      #if(PWM_KillModeMinTime)
                           PWM_backup.PWMKillCounterPeriod = PWM_ReadKillTime();
                      #endif /* (PWM_KillModeMinTime) */
              
                      #if(PWM_UseControl)
                          PWM_backup.PWMControlRegister = PWM_ReadControlRegister();
                      #endif /* (PWM_UseControl) */
                  #endif  /* (!PWM_UsingFixedFunction) */
  67   1      }
  68          
  69          
  70          /*******************************************************************************
  71          * Function Name: PWM_RestoreConfig
  72          ********************************************************************************
  73          *
  74          * Summary:
  75          *  Restores the current user configuration of the component.
  76          *
  77          * Parameters:
  78          *  None
  79          *
  80          * Return:
  81          *  None
  82          *
  83          * Global variables:
  84          *  PWM_backup:  Variables of this global structure are used to
  85          *  restore the values of non retention registers on wakeup from sleep mode.
  86          *
  87          *******************************************************************************/
  88          void PWM_RestoreConfig(void) 
  89          {
  90   1              #if(!PWM_UsingFixedFunction)
                          #if(!PWM_PWMModeIsCenterAligned)
                              PWM_WritePeriod(PWM_backup.PWMPeriod);
                          #endif /* (!PWM_PWMModeIsCenterAligned) */
              
                          PWM_WriteCounter(PWM_backup.PWMUdb);
              
                          #if (PWM_UseStatus)
                              PWM_STATUS_MASK = PWM_backup.InterruptMaskValue;
                          #endif /* (PWM_UseStatus) */
              
                          #if(PWM_DeadBandMode == PWM__B_PWM__DBM_256_CLOCKS || \
                              PWM_DeadBandMode == PWM__B_PWM__DBM_2_4_CLOCKS)
                              PWM_WriteDeadTime(PWM_backup.PWMdeadBandValue);
                          #endif /* deadband count is either 2-4 clocks or 256 clocks */
              
                          #if(PWM_KillModeMinTime)
                              PWM_WriteKillTime(PWM_backup.PWMKillCounterPeriod);
                          #endif /* (PWM_KillModeMinTime) */
              
                          #if(PWM_UseControl)
                              PWM_WriteControlRegister(PWM_backup.PWMControlRegister);
                          #endif /* (PWM_UseControl) */
                      #endif  /* (!PWM_UsingFixedFunction) */
 114   1          }
 115          
C51 COMPILER V9.51   PWM_PM                                                                09/27/2016 06:28:44 PAGE 3   

 116          
 117          /*******************************************************************************
 118          * Function Name: PWM_Sleep
 119          ********************************************************************************
 120          *
 121          * Summary:
 122          *  Disables block's operation and saves the user configuration. Should be called
 123          *  just prior to entering sleep.
 124          *
 125          * Parameters:
 126          *  None
 127          *
 128          * Return:
 129          *  None
 130          *
 131          * Global variables:
 132          *  PWM_backup.PWMEnableState:  Is modified depending on the enable
 133          *  state of the block before entering sleep mode.
 134          *
 135          *******************************************************************************/
 136          void PWM_Sleep(void) 
 137          {
 138   1          #if(PWM_UseControl)
 139   1              if(PWM_CTRL_ENABLE == (PWM_CONTROL & PWM_CTRL_ENABLE))
 140   1              {
 141   2                  /*Component is enabled */
 142   2                  PWM_backup.PWMEnableState = 1u;
 143   2              }
 144   1              else
 145   1              {
 146   2                  /* Component is disabled */
 147   2                  PWM_backup.PWMEnableState = 0u;
 148   2              }
 149   1          #endif /* (PWM_UseControl) */
 150   1      
 151   1          /* Stop component */
 152   1          PWM_Stop();
 153   1      
 154   1          /* Save registers configuration */
 155   1          PWM_SaveConfig();
 156   1      }
 157          
 158          
 159          /*******************************************************************************
 160          * Function Name: PWM_Wakeup
 161          ********************************************************************************
 162          *
 163          * Summary:
 164          *  Restores and enables the user configuration. Should be called just after
 165          *  awaking from sleep.
 166          *
 167          * Parameters:
 168          *  None
 169          *
 170          * Return:
 171          *  None
 172          *
 173          * Global variables:
 174          *  PWM_backup.pwmEnable:  Is used to restore the enable state of
 175          *  block on wakeup from sleep mode.
 176          *
 177          *******************************************************************************/
C51 COMPILER V9.51   PWM_PM                                                                09/27/2016 06:28:44 PAGE 4   

 178          void PWM_Wakeup(void) 
 179          {
 180   1           /* Restore registers values */
 181   1          PWM_RestoreConfig();
 182   1      
 183   1          if(PWM_backup.PWMEnableState != 0u)
 184   1          {
 185   2              /* Enable component's operation */
 186   2              PWM_Enable();
 187   2          } /* Do nothing if component's block was disabled before */
 188   1      
 189   1      }
 190          
 191          
 192          /* [] END OF FILE */


MODULE INFORMATION:   STATIC OVERLAYABLE
   CODE SIZE        =     46    ----
   CONSTANT SIZE    =   ----    ----
   XDATA SIZE       =      1    ----
   PDATA SIZE       =   ----    ----
   DATA SIZE        =   ----    ----
   IDATA SIZE       =   ----    ----
   BIT SIZE         =   ----    ----
   EDATA SIZE       =   ----    ----
   HDATA SIZE       =   ----    ----
   XDATA CONST SIZE =   ----    ----
   FAR CONST SIZE   =   ----    ----
END OF MODULE INFORMATION.


C51 COMPILATION COMPLETE.  0 WARNING(S),  0 ERROR(S)
